#-----------------------------------------------------------
# Vivado v2017.4 (64-bit)
# SW Build 2086221 on Fri Dec 15 20:55:39 MST 2017
# IP Build 2085800 on Fri Dec 15 22:25:07 MST 2017
# Start of session at: Mon Nov  6 14:52:04 2023
# Process ID: 276412
# Current directory: C:/Users/Lenovo/Desktop/Digital Logic Project/GenshinKitchen/GenshenKitchen_2023F/HDL_Framework
# Command line: vivado.exe -gui_launcher_event rodinguilauncherevent226720 C:\Users\Lenovo\Desktop\Digital Logic Project\GenshinKitchen\GenshenKitchen_2023F\HDL_Framework\GenshinKitchen.xpr
# Log file: C:/Users/Lenovo/Desktop/Digital Logic Project/GenshinKitchen/GenshenKitchen_2023F/HDL_Framework/vivado.log
# Journal file: C:/Users/Lenovo/Desktop/Digital Logic Project/GenshinKitchen/GenshenKitchen_2023F/HDL_Framework\vivado.jou
#-----------------------------------------------------------
start_gui
open_project {C:/Users/Lenovo/Desktop/Digital Logic Project/GenshinKitchen/GenshenKitchen_2023F/HDL_Framework/GenshinKitchen.xpr}
INFO: [ProjectBase 1-489] The host OS only allows 260 characters in a normal path. The project is stored in a path with more than 80 characters. If you experience issues with IP, Block Designs, or files not being found, please consider moving the project to a location with a shorter path. Alternately consider using the OS subst command to map part of the path to a drive letter.
Current project path is 'C:/Users/Lenovo/Desktop/Digital Logic Project/GenshinKitchen/GenshenKitchen_2023F/HDL_Framework'
Scanning sources...
Finished scanning sources
WARNING: [filemgmt 56-3] IPUserFilesDir: Could not find the directory 'C:/Users/Lenovo/Desktop/Digital Logic Project/GenshinKitchen/GenshenKitchen_2023F/HDL_Framework/GenshinKitchen.ip_user_files'.
INFO: [IP_Flow 19-234] Refreshing IP repositories
INFO: [IP_Flow 19-1704] No user IP repositories specified
INFO: [IP_Flow 19-2313] Loaded Vivado IP repository 'D:/TOOL/Xilinx/Vivado/2017.4/data/ip'.
