#-----------------------------------------------------------
# Vivado v2017.4 (64-bit)
# SW Build 2086221 on Fri Dec 15 20:55:39 MST 2017
# IP Build 2085800 on Fri Dec 15 22:25:07 MST 2017
# Start of session at: Mon Nov 27 14:05:40 2023
# Process ID: 25400
# Current directory: C:/Users/Lenovo/Desktop/Digital Logic Project/vivado_HDL
# Command line: vivado.exe -gui_launcher_event rodinguilauncherevent46336 C:\Users\Lenovo\Desktop\Digital Logic Project\vivado_HDL\GenshinKitchen.xpr
# Log file: C:/Users/Lenovo/Desktop/Digital Logic Project/vivado_HDL/vivado.log
# Journal file: C:/Users/Lenovo/Desktop/Digital Logic Project/vivado_HDL\vivado.jou
#-----------------------------------------------------------
start_gui
open_project {C:/Users/Lenovo/Desktop/Digital Logic Project/vivado_HDL/GenshinKitchen.xpr}
Scanning sources...
Finished scanning sources
INFO: [IP_Flow 19-234] Refreshing IP repositories
INFO: [IP_Flow 19-1704] No user IP repositories specified
INFO: [IP_Flow 19-2313] Loaded Vivado IP repository 'D:/TOOL/Xilinx/Vivado/2017.4/data/ip'.
exit
INFO: [Common 17-206] Exiting Vivado at Mon Nov 27 14:19:55 2023...
