Copyright 1986-2017 Xilinx, Inc. All Rights Reserved.
-------------------------------------------------------------------------------------------------------------------------------------------------------
| Tool Version : Vivado v.2017.4 (win64) Build 2086221 Fri Dec 15 20:55:39 MST 2017
| Date         : Fri Dec 29 21:11:06 2023
| Host         : Miller running 64-bit major release  (build 9200)
| Command      : report_timing_summary -max_paths 10 -file DemoTop_timing_summary_routed.rpt -rpx DemoTop_timing_summary_routed.rpx -warn_on_violation
| Design       : DemoTop
| Device       : 7a35t-csg324
| Speed File   : -1  PRODUCTION 1.20 2017-11-01
-------------------------------------------------------------------------------------------------------------------------------------------------------

Timing Summary Report

------------------------------------------------------------------------------------------------
| Timer Settings
| --------------
------------------------------------------------------------------------------------------------

  Enable Multi Corner Analysis               :  Yes
  Enable Pessimism Removal                   :  Yes
  Pessimism Removal Resolution               :  Nearest Common Node
  Enable Input Delay Default Clock           :  No
  Enable Preset / Clear Arcs                 :  No
  Disable Flight Delays                      :  No
  Ignore I/O Paths                           :  No
  Timing Early Launch at Borrowing Latches   :  false

  Corner  Analyze    Analyze    
  Name    Max Paths  Min Paths  
  ------  ---------  ---------  
  Slow    Yes        Yes        
  Fast    Yes        Yes        



check_timing report

Table of Contents
-----------------
1. checking no_clock
2. checking constant_clock
3. checking pulse_width_clock
4. checking unconstrained_internal_endpoints
5. checking no_input_delay
6. checking no_output_delay
7. checking multiple_clock
8. checking generated_clocks
9. checking loops
10. checking partial_input_delay
11. checking partial_output_delay
12. checking latch_loops

1. checking no_clock
--------------------
 There are 44 register/latch pins with no clock driven by root clock pin: clk (HIGH)

 There are 18 register/latch pins with no clock driven by root clock pin: AS/db_step/btn_output_reg/Q (HIGH)

 There are 6 register/latch pins with no clock driven by root clock pin: AS/jump/mode_reg/Q (HIGH)

 There are 6 register/latch pins with no clock driven by root clock pin: AS/jump/signal_reg/Q (HIGH)

 There are 7 register/latch pins with no clock driven by root clock pin: AS/pc_reg[0]_rep__1/Q (HIGH)

 There are 6 register/latch pins with no clock driven by root clock pin: AS/pc_reg[0]_rep__2/Q (HIGH)

 There are 7 register/latch pins with no clock driven by root clock pin: AS/pc_reg[0]_rep__3/Q (HIGH)

 There are 5 register/latch pins with no clock driven by root clock pin: AS/pc_reg[1]_rep__0/Q (HIGH)

 There are 6 register/latch pins with no clock driven by root clock pin: AS/pc_reg[1]_rep__1/Q (HIGH)

 There are 7 register/latch pins with no clock driven by root clock pin: AS/pc_reg[1]_rep__2/Q (HIGH)

 There are 6 register/latch pins with no clock driven by root clock pin: AS/pc_reg[2]/Q (HIGH)

 There are 7 register/latch pins with no clock driven by root clock pin: AS/pc_reg[2]_rep/Q (HIGH)

 There are 7 register/latch pins with no clock driven by root clock pin: AS/pc_reg[3]/Q (HIGH)

 There are 7 register/latch pins with no clock driven by root clock pin: AS/pc_reg[4]/Q (HIGH)

 There are 7 register/latch pins with no clock driven by root clock pin: AS/pc_reg[5]/Q (HIGH)

 There are 7 register/latch pins with no clock driven by root clock pin: AS/pc_reg[6]/Q (HIGH)

 There are 42 register/latch pins with no clock driven by root clock pin: dc/millisecond_clk_reg/Q (HIGH)

 There are 1142 register/latch pins with no clock driven by root clock pin: dc/uart_clk_reg/Q (HIGH)

 There are 7 register/latch pins with no clock driven by root clock pin: script_mem_module/mem_reg[0][0]/Q (HIGH)

 There are 7 register/latch pins with no clock driven by root clock pin: script_mem_module/mem_reg[0][1]/Q (HIGH)

 There are 7 register/latch pins with no clock driven by root clock pin: script_mem_module/mem_reg[0][2]/Q (HIGH)

 There are 3 register/latch pins with no clock driven by root clock pin: script_mem_module/mem_reg[0][3]/Q (HIGH)

 There are 2 register/latch pins with no clock driven by root clock pin: script_mem_module/mem_reg[0][4]/Q (HIGH)

 There is 1 register/latch pin with no clock driven by root clock pin: script_mem_module/mem_reg[0][5]/Q (HIGH)

 There are 7 register/latch pins with no clock driven by root clock pin: script_mem_module/mem_reg[100][0]/Q (HIGH)

 There are 7 register/latch pins with no clock driven by root clock pin: script_mem_module/mem_reg[100][1]/Q (HIGH)

 There are 7 register/latch pins with no clock driven by root clock pin: script_mem_module/mem_reg[100][2]/Q (HIGH)

 There are 3 register/latch pins with no clock driven by root clock pin: script_mem_module/mem_reg[100][3]/Q (HIGH)

 There are 2 register/latch pins with no clock driven by root clock pin: script_mem_module/mem_reg[100][4]/Q (HIGH)

 There is 1 register/latch pin with no clock driven by root clock pin: script_mem_module/mem_reg[100][5]/Q (HIGH)

 There are 7 register/latch pins with no clock driven by root clock pin: script_mem_module/mem_reg[101][0]/Q (HIGH)

 There are 7 register/latch pins with no clock driven by root clock pin: script_mem_module/mem_reg[101][1]/Q (HIGH)

 There are 7 register/latch pins with no clock driven by root clock pin: script_mem_module/mem_reg[101][2]/Q (HIGH)

 There are 3 register/latch pins with no clock driven by root clock pin: script_mem_module/mem_reg[101][3]/Q (HIGH)

 There are 2 register/latch pins with no clock driven by root clock pin: script_mem_module/mem_reg[101][4]/Q (HIGH)

 There is 1 register/latch pin with no clock driven by root clock pin: script_mem_module/mem_reg[101][5]/Q (HIGH)

 There are 7 register/latch pins with no clock driven by root clock pin: script_mem_module/mem_reg[102][0]/Q (HIGH)

 There are 7 register/latch pins with no clock driven by root clock pin: script_mem_module/mem_reg[102][1]/Q (HIGH)

 There are 7 register/latch pins with no clock driven by root clock pin: script_mem_module/mem_reg[102][2]/Q (HIGH)

 There are 3 register/latch pins with no clock driven by root clock pin: script_mem_module/mem_reg[102][3]/Q (HIGH)

 There are 2 register/latch pins with no clock driven by root clock pin: script_mem_module/mem_reg[102][4]/Q (HIGH)

 There is 1 register/latch pin with no clock driven by root clock pin: script_mem_module/mem_reg[102][5]/Q (HIGH)

 There are 7 register/latch pins with no clock driven by root clock pin: script_mem_module/mem_reg[103][0]/Q (HIGH)

 There are 7 register/latch pins with no clock driven by root clock pin: script_mem_module/mem_reg[103][1]/Q (HIGH)

 There are 7 register/latch pins with no clock driven by root clock pin: script_mem_module/mem_reg[103][2]/Q (HIGH)

 There are 3 register/latch pins with no clock driven by root clock pin: script_mem_module/mem_reg[103][3]/Q (HIGH)

 There are 2 register/latch pins with no clock driven by root clock pin: script_mem_module/mem_reg[103][4]/Q (HIGH)

 There is 1 register/latch pin with no clock driven by root clock pin: script_mem_module/mem_reg[103][5]/Q (HIGH)

 There are 7 register/latch pins with no clock driven by root clock pin: script_mem_module/mem_reg[104][0]/Q (HIGH)

 There are 7 register/latch pins with no clock driven by root clock pin: script_mem_module/mem_reg[104][1]/Q (HIGH)

 There are 7 register/latch pins with no clock driven by root clock pin: script_mem_module/mem_reg[104][2]/Q (HIGH)

 There are 3 register/latch pins with no clock driven by root clock pin: script_mem_module/mem_reg[104][3]/Q (HIGH)

 There are 2 register/latch pins with no clock driven by root clock pin: script_mem_module/mem_reg[104][4]/Q (HIGH)

 There is 1 register/latch pin with no clock driven by root clock pin: script_mem_module/mem_reg[104][5]/Q (HIGH)

 There are 7 register/latch pins with no clock driven by root clock pin: script_mem_module/mem_reg[105][0]/Q (HIGH)

 There are 7 register/latch pins with no clock driven by root clock pin: script_mem_module/mem_reg[105][1]/Q (HIGH)

 There are 7 register/latch pins with no clock driven by root clock pin: script_mem_module/mem_reg[105][2]/Q (HIGH)

 There are 3 register/latch pins with no clock driven by root clock pin: script_mem_module/mem_reg[105][3]/Q (HIGH)

 There are 2 register/latch pins with no clock driven by root clock pin: script_mem_module/mem_reg[105][4]/Q (HIGH)

 There is 1 register/latch pin with no clock driven by root clock pin: script_mem_module/mem_reg[105][5]/Q (HIGH)

 There are 7 register/latch pins with no clock driven by root clock pin: script_mem_module/mem_reg[106][0]/Q (HIGH)

 There are 7 register/latch pins with no clock driven by root clock pin: script_mem_module/mem_reg[106][1]/Q (HIGH)

 There are 7 register/latch pins with no clock driven by root clock pin: script_mem_module/mem_reg[106][2]/Q (HIGH)

 There are 3 register/latch pins with no clock driven by root clock pin: script_mem_module/mem_reg[106][3]/Q (HIGH)

 There are 2 register/latch pins with no clock driven by root clock pin: script_mem_module/mem_reg[106][4]/Q (HIGH)

 There is 1 register/latch pin with no clock driven by root clock pin: script_mem_module/mem_reg[106][5]/Q (HIGH)

 There are 7 register/latch pins with no clock driven by root clock pin: script_mem_module/mem_reg[107][0]/Q (HIGH)

 There are 7 register/latch pins with no clock driven by root clock pin: script_mem_module/mem_reg[107][1]/Q (HIGH)

 There are 7 register/latch pins with no clock driven by root clock pin: script_mem_module/mem_reg[107][2]/Q (HIGH)

 There are 3 register/latch pins with no clock driven by root clock pin: script_mem_module/mem_reg[107][3]/Q (HIGH)

 There are 2 register/latch pins with no clock driven by root clock pin: script_mem_module/mem_reg[107][4]/Q (HIGH)

 There is 1 register/latch pin with no clock driven by root clock pin: script_mem_module/mem_reg[107][5]/Q (HIGH)

 There are 7 register/latch pins with no clock driven by root clock pin: script_mem_module/mem_reg[108][0]/Q (HIGH)

 There are 7 register/latch pins with no clock driven by root clock pin: script_mem_module/mem_reg[108][1]/Q (HIGH)

 There are 7 register/latch pins with no clock driven by root clock pin: script_mem_module/mem_reg[108][2]/Q (HIGH)

 There are 3 register/latch pins with no clock driven by root clock pin: script_mem_module/mem_reg[108][3]/Q (HIGH)

 There are 2 register/latch pins with no clock driven by root clock pin: script_mem_module/mem_reg[108][4]/Q (HIGH)

 There is 1 register/latch pin with no clock driven by root clock pin: script_mem_module/mem_reg[108][5]/Q (HIGH)

 There are 7 register/latch pins with no clock driven by root clock pin: script_mem_module/mem_reg[109][0]/Q (HIGH)

 There are 7 register/latch pins with no clock driven by root clock pin: script_mem_module/mem_reg[109][1]/Q (HIGH)

 There are 7 register/latch pins with no clock driven by root clock pin: script_mem_module/mem_reg[109][2]/Q (HIGH)

 There are 3 register/latch pins with no clock driven by root clock pin: script_mem_module/mem_reg[109][3]/Q (HIGH)

 There are 2 register/latch pins with no clock driven by root clock pin: script_mem_module/mem_reg[109][4]/Q (HIGH)

 There is 1 register/latch pin with no clock driven by root clock pin: script_mem_module/mem_reg[109][5]/Q (HIGH)

 There are 7 register/latch pins with no clock driven by root clock pin: script_mem_module/mem_reg[10][0]/Q (HIGH)

 There are 7 register/latch pins with no clock driven by root clock pin: script_mem_module/mem_reg[10][1]/Q (HIGH)

 There are 7 register/latch pins with no clock driven by root clock pin: script_mem_module/mem_reg[10][2]/Q (HIGH)

 There are 3 register/latch pins with no clock driven by root clock pin: script_mem_module/mem_reg[10][3]/Q (HIGH)

 There are 2 register/latch pins with no clock driven by root clock pin: script_mem_module/mem_reg[10][4]/Q (HIGH)

 There is 1 register/latch pin with no clock driven by root clock pin: script_mem_module/mem_reg[10][5]/Q (HIGH)

 There are 7 register/latch pins with no clock driven by root clock pin: script_mem_module/mem_reg[110][0]/Q (HIGH)

 There are 7 register/latch pins with no clock driven by root clock pin: script_mem_module/mem_reg[110][1]/Q (HIGH)

 There are 7 register/latch pins with no clock driven by root clock pin: script_mem_module/mem_reg[110][2]/Q (HIGH)

 There are 3 register/latch pins with no clock driven by root clock pin: script_mem_module/mem_reg[110][3]/Q (HIGH)

 There are 2 register/latch pins with no clock driven by root clock pin: script_mem_module/mem_reg[110][4]/Q (HIGH)

 There is 1 register/latch pin with no clock driven by root clock pin: script_mem_module/mem_reg[110][5]/Q (HIGH)

 There are 7 register/latch pins with no clock driven by root clock pin: script_mem_module/mem_reg[111][0]/Q (HIGH)

 There are 7 register/latch pins with no clock driven by root clock pin: script_mem_module/mem_reg[111][1]/Q (HIGH)

 There are 7 register/latch pins with no clock driven by root clock pin: script_mem_module/mem_reg[111][2]/Q (HIGH)

 There are 3 register/latch pins with no clock driven by root clock pin: script_mem_module/mem_reg[111][3]/Q (HIGH)

 There are 2 register/latch pins with no clock driven by root clock pin: script_mem_module/mem_reg[111][4]/Q (HIGH)

 There is 1 register/latch pin with no clock driven by root clock pin: script_mem_module/mem_reg[111][5]/Q (HIGH)

 There are 7 register/latch pins with no clock driven by root clock pin: script_mem_module/mem_reg[112][0]/Q (HIGH)

 There are 7 register/latch pins with no clock driven by root clock pin: script_mem_module/mem_reg[112][1]/Q (HIGH)

 There are 7 register/latch pins with no clock driven by root clock pin: script_mem_module/mem_reg[112][2]/Q (HIGH)

 There are 3 register/latch pins with no clock driven by root clock pin: script_mem_module/mem_reg[112][3]/Q (HIGH)

 There are 2 register/latch pins with no clock driven by root clock pin: script_mem_module/mem_reg[112][4]/Q (HIGH)

 There is 1 register/latch pin with no clock driven by root clock pin: script_mem_module/mem_reg[112][5]/Q (HIGH)

 There are 7 register/latch pins with no clock driven by root clock pin: script_mem_module/mem_reg[113][0]/Q (HIGH)

 There are 7 register/latch pins with no clock driven by root clock pin: script_mem_module/mem_reg[113][1]/Q (HIGH)

 There are 7 register/latch pins with no clock driven by root clock pin: script_mem_module/mem_reg[113][2]/Q (HIGH)

 There are 3 register/latch pins with no clock driven by root clock pin: script_mem_module/mem_reg[113][3]/Q (HIGH)

 There are 2 register/latch pins with no clock driven by root clock pin: script_mem_module/mem_reg[113][4]/Q (HIGH)

 There is 1 register/latch pin with no clock driven by root clock pin: script_mem_module/mem_reg[113][5]/Q (HIGH)

 There are 7 register/latch pins with no clock driven by root clock pin: script_mem_module/mem_reg[114][0]/Q (HIGH)

 There are 7 register/latch pins with no clock driven by root clock pin: script_mem_module/mem_reg[114][1]/Q (HIGH)

 There are 7 register/latch pins with no clock driven by root clock pin: script_mem_module/mem_reg[114][2]/Q (HIGH)

 There are 3 register/latch pins with no clock driven by root clock pin: script_mem_module/mem_reg[114][3]/Q (HIGH)

 There are 2 register/latch pins with no clock driven by root clock pin: script_mem_module/mem_reg[114][4]/Q (HIGH)

 There is 1 register/latch pin with no clock driven by root clock pin: script_mem_module/mem_reg[114][5]/Q (HIGH)

 There are 7 register/latch pins with no clock driven by root clock pin: script_mem_module/mem_reg[115][0]/Q (HIGH)

 There are 7 register/latch pins with no clock driven by root clock pin: script_mem_module/mem_reg[115][1]/Q (HIGH)

 There are 7 register/latch pins with no clock driven by root clock pin: script_mem_module/mem_reg[115][2]/Q (HIGH)

 There are 3 register/latch pins with no clock driven by root clock pin: script_mem_module/mem_reg[115][3]/Q (HIGH)

 There are 2 register/latch pins with no clock driven by root clock pin: script_mem_module/mem_reg[115][4]/Q (HIGH)

 There is 1 register/latch pin with no clock driven by root clock pin: script_mem_module/mem_reg[115][5]/Q (HIGH)

 There are 7 register/latch pins with no clock driven by root clock pin: script_mem_module/mem_reg[116][0]/Q (HIGH)

 There are 7 register/latch pins with no clock driven by root clock pin: script_mem_module/mem_reg[116][1]/Q (HIGH)

 There are 7 register/latch pins with no clock driven by root clock pin: script_mem_module/mem_reg[116][2]/Q (HIGH)

 There are 3 register/latch pins with no clock driven by root clock pin: script_mem_module/mem_reg[116][3]/Q (HIGH)

 There are 2 register/latch pins with no clock driven by root clock pin: script_mem_module/mem_reg[116][4]/Q (HIGH)

 There is 1 register/latch pin with no clock driven by root clock pin: script_mem_module/mem_reg[116][5]/Q (HIGH)

 There are 7 register/latch pins with no clock driven by root clock pin: script_mem_module/mem_reg[117][0]/Q (HIGH)

 There are 7 register/latch pins with no clock driven by root clock pin: script_mem_module/mem_reg[117][1]/Q (HIGH)

 There are 7 register/latch pins with no clock driven by root clock pin: script_mem_module/mem_reg[117][2]/Q (HIGH)

 There are 3 register/latch pins with no clock driven by root clock pin: script_mem_module/mem_reg[117][3]/Q (HIGH)

 There are 2 register/latch pins with no clock driven by root clock pin: script_mem_module/mem_reg[117][4]/Q (HIGH)

 There is 1 register/latch pin with no clock driven by root clock pin: script_mem_module/mem_reg[117][5]/Q (HIGH)

 There are 7 register/latch pins with no clock driven by root clock pin: script_mem_module/mem_reg[118][0]/Q (HIGH)

 There are 7 register/latch pins with no clock driven by root clock pin: script_mem_module/mem_reg[118][1]/Q (HIGH)

 There are 7 register/latch pins with no clock driven by root clock pin: script_mem_module/mem_reg[118][2]/Q (HIGH)

 There are 3 register/latch pins with no clock driven by root clock pin: script_mem_module/mem_reg[118][3]/Q (HIGH)

 There are 2 register/latch pins with no clock driven by root clock pin: script_mem_module/mem_reg[118][4]/Q (HIGH)

 There is 1 register/latch pin with no clock driven by root clock pin: script_mem_module/mem_reg[118][5]/Q (HIGH)

 There are 7 register/latch pins with no clock driven by root clock pin: script_mem_module/mem_reg[119][0]/Q (HIGH)

 There are 7 register/latch pins with no clock driven by root clock pin: script_mem_module/mem_reg[119][1]/Q (HIGH)

 There are 7 register/latch pins with no clock driven by root clock pin: script_mem_module/mem_reg[119][2]/Q (HIGH)

 There are 3 register/latch pins with no clock driven by root clock pin: script_mem_module/mem_reg[119][3]/Q (HIGH)

 There are 2 register/latch pins with no clock driven by root clock pin: script_mem_module/mem_reg[119][4]/Q (HIGH)

 There is 1 register/latch pin with no clock driven by root clock pin: script_mem_module/mem_reg[119][5]/Q (HIGH)

 There are 7 register/latch pins with no clock driven by root clock pin: script_mem_module/mem_reg[11][0]/Q (HIGH)

 There are 7 register/latch pins with no clock driven by root clock pin: script_mem_module/mem_reg[11][1]/Q (HIGH)

 There are 7 register/latch pins with no clock driven by root clock pin: script_mem_module/mem_reg[11][2]/Q (HIGH)

 There are 3 register/latch pins with no clock driven by root clock pin: script_mem_module/mem_reg[11][3]/Q (HIGH)

 There are 2 register/latch pins with no clock driven by root clock pin: script_mem_module/mem_reg[11][4]/Q (HIGH)

 There is 1 register/latch pin with no clock driven by root clock pin: script_mem_module/mem_reg[11][5]/Q (HIGH)

 There are 7 register/latch pins with no clock driven by root clock pin: script_mem_module/mem_reg[120][0]/Q (HIGH)

 There are 7 register/latch pins with no clock driven by root clock pin: script_mem_module/mem_reg[120][1]/Q (HIGH)

 There are 7 register/latch pins with no clock driven by root clock pin: script_mem_module/mem_reg[120][2]/Q (HIGH)

 There are 3 register/latch pins with no clock driven by root clock pin: script_mem_module/mem_reg[120][3]/Q (HIGH)

 There are 2 register/latch pins with no clock driven by root clock pin: script_mem_module/mem_reg[120][4]/Q (HIGH)

 There is 1 register/latch pin with no clock driven by root clock pin: script_mem_module/mem_reg[120][5]/Q (HIGH)

 There are 7 register/latch pins with no clock driven by root clock pin: script_mem_module/mem_reg[121][0]/Q (HIGH)

 There are 7 register/latch pins with no clock driven by root clock pin: script_mem_module/mem_reg[121][1]/Q (HIGH)

 There are 7 register/latch pins with no clock driven by root clock pin: script_mem_module/mem_reg[121][2]/Q (HIGH)

 There are 3 register/latch pins with no clock driven by root clock pin: script_mem_module/mem_reg[121][3]/Q (HIGH)

 There are 2 register/latch pins with no clock driven by root clock pin: script_mem_module/mem_reg[121][4]/Q (HIGH)

 There is 1 register/latch pin with no clock driven by root clock pin: script_mem_module/mem_reg[121][5]/Q (HIGH)

 There are 7 register/latch pins with no clock driven by root clock pin: script_mem_module/mem_reg[122][0]/Q (HIGH)

 There are 7 register/latch pins with no clock driven by root clock pin: script_mem_module/mem_reg[122][1]/Q (HIGH)

 There are 7 register/latch pins with no clock driven by root clock pin: script_mem_module/mem_reg[122][2]/Q (HIGH)

 There are 3 register/latch pins with no clock driven by root clock pin: script_mem_module/mem_reg[122][3]/Q (HIGH)

 There are 2 register/latch pins with no clock driven by root clock pin: script_mem_module/mem_reg[122][4]/Q (HIGH)

 There is 1 register/latch pin with no clock driven by root clock pin: script_mem_module/mem_reg[122][5]/Q (HIGH)

 There are 7 register/latch pins with no clock driven by root clock pin: script_mem_module/mem_reg[123][0]/Q (HIGH)

 There are 7 register/latch pins with no clock driven by root clock pin: script_mem_module/mem_reg[123][1]/Q (HIGH)

 There are 7 register/latch pins with no clock driven by root clock pin: script_mem_module/mem_reg[123][2]/Q (HIGH)

 There are 3 register/latch pins with no clock driven by root clock pin: script_mem_module/mem_reg[123][3]/Q (HIGH)

 There are 2 register/latch pins with no clock driven by root clock pin: script_mem_module/mem_reg[123][4]/Q (HIGH)

 There is 1 register/latch pin with no clock driven by root clock pin: script_mem_module/mem_reg[123][5]/Q (HIGH)

 There are 7 register/latch pins with no clock driven by root clock pin: script_mem_module/mem_reg[124][0]/Q (HIGH)

 There are 7 register/latch pins with no clock driven by root clock pin: script_mem_module/mem_reg[124][1]/Q (HIGH)

 There are 7 register/latch pins with no clock driven by root clock pin: script_mem_module/mem_reg[124][2]/Q (HIGH)

 There are 3 register/latch pins with no clock driven by root clock pin: script_mem_module/mem_reg[124][3]/Q (HIGH)

 There are 2 register/latch pins with no clock driven by root clock pin: script_mem_module/mem_reg[124][4]/Q (HIGH)

 There is 1 register/latch pin with no clock driven by root clock pin: script_mem_module/mem_reg[124][5]/Q (HIGH)

 There are 7 register/latch pins with no clock driven by root clock pin: script_mem_module/mem_reg[125][0]/Q (HIGH)

 There are 7 register/latch pins with no clock driven by root clock pin: script_mem_module/mem_reg[125][1]/Q (HIGH)

 There are 7 register/latch pins with no clock driven by root clock pin: script_mem_module/mem_reg[125][2]/Q (HIGH)

 There are 3 register/latch pins with no clock driven by root clock pin: script_mem_module/mem_reg[125][3]/Q (HIGH)

 There are 2 register/latch pins with no clock driven by root clock pin: script_mem_module/mem_reg[125][4]/Q (HIGH)

 There is 1 register/latch pin with no clock driven by root clock pin: script_mem_module/mem_reg[125][5]/Q (HIGH)

 There are 7 register/latch pins with no clock driven by root clock pin: script_mem_module/mem_reg[126][0]/Q (HIGH)

 There are 7 register/latch pins with no clock driven by root clock pin: script_mem_module/mem_reg[126][1]/Q (HIGH)

 There are 7 register/latch pins with no clock driven by root clock pin: script_mem_module/mem_reg[126][2]/Q (HIGH)

 There are 3 register/latch pins with no clock driven by root clock pin: script_mem_module/mem_reg[126][3]/Q (HIGH)

 There are 2 register/latch pins with no clock driven by root clock pin: script_mem_module/mem_reg[126][4]/Q (HIGH)

 There is 1 register/latch pin with no clock driven by root clock pin: script_mem_module/mem_reg[126][5]/Q (HIGH)

 There are 7 register/latch pins with no clock driven by root clock pin: script_mem_module/mem_reg[127][0]/Q (HIGH)

 There are 7 register/latch pins with no clock driven by root clock pin: script_mem_module/mem_reg[127][1]/Q (HIGH)

 There are 7 register/latch pins with no clock driven by root clock pin: script_mem_module/mem_reg[127][2]/Q (HIGH)

 There are 3 register/latch pins with no clock driven by root clock pin: script_mem_module/mem_reg[127][3]/Q (HIGH)

 There are 2 register/latch pins with no clock driven by root clock pin: script_mem_module/mem_reg[127][4]/Q (HIGH)

 There is 1 register/latch pin with no clock driven by root clock pin: script_mem_module/mem_reg[127][5]/Q (HIGH)

 There are 7 register/latch pins with no clock driven by root clock pin: script_mem_module/mem_reg[12][0]/Q (HIGH)

 There are 7 register/latch pins with no clock driven by root clock pin: script_mem_module/mem_reg[12][1]/Q (HIGH)

 There are 7 register/latch pins with no clock driven by root clock pin: script_mem_module/mem_reg[12][2]/Q (HIGH)

 There are 3 register/latch pins with no clock driven by root clock pin: script_mem_module/mem_reg[12][3]/Q (HIGH)

 There are 2 register/latch pins with no clock driven by root clock pin: script_mem_module/mem_reg[12][4]/Q (HIGH)

 There is 1 register/latch pin with no clock driven by root clock pin: script_mem_module/mem_reg[12][5]/Q (HIGH)

 There are 7 register/latch pins with no clock driven by root clock pin: script_mem_module/mem_reg[13][0]/Q (HIGH)

 There are 7 register/latch pins with no clock driven by root clock pin: script_mem_module/mem_reg[13][1]/Q (HIGH)

 There are 7 register/latch pins with no clock driven by root clock pin: script_mem_module/mem_reg[13][2]/Q (HIGH)

 There are 3 register/latch pins with no clock driven by root clock pin: script_mem_module/mem_reg[13][3]/Q (HIGH)

 There are 2 register/latch pins with no clock driven by root clock pin: script_mem_module/mem_reg[13][4]/Q (HIGH)

 There is 1 register/latch pin with no clock driven by root clock pin: script_mem_module/mem_reg[13][5]/Q (HIGH)

 There are 7 register/latch pins with no clock driven by root clock pin: script_mem_module/mem_reg[14][0]/Q (HIGH)

 There are 7 register/latch pins with no clock driven by root clock pin: script_mem_module/mem_reg[14][1]/Q (HIGH)

 There are 7 register/latch pins with no clock driven by root clock pin: script_mem_module/mem_reg[14][2]/Q (HIGH)

 There are 3 register/latch pins with no clock driven by root clock pin: script_mem_module/mem_reg[14][3]/Q (HIGH)

 There are 2 register/latch pins with no clock driven by root clock pin: script_mem_module/mem_reg[14][4]/Q (HIGH)

 There is 1 register/latch pin with no clock driven by root clock pin: script_mem_module/mem_reg[14][5]/Q (HIGH)

 There are 7 register/latch pins with no clock driven by root clock pin: script_mem_module/mem_reg[15][0]/Q (HIGH)

 There are 7 register/latch pins with no clock driven by root clock pin: script_mem_module/mem_reg[15][1]/Q (HIGH)

 There are 7 register/latch pins with no clock driven by root clock pin: script_mem_module/mem_reg[15][2]/Q (HIGH)

 There are 3 register/latch pins with no clock driven by root clock pin: script_mem_module/mem_reg[15][3]/Q (HIGH)

 There are 2 register/latch pins with no clock driven by root clock pin: script_mem_module/mem_reg[15][4]/Q (HIGH)

 There is 1 register/latch pin with no clock driven by root clock pin: script_mem_module/mem_reg[15][5]/Q (HIGH)

 There are 7 register/latch pins with no clock driven by root clock pin: script_mem_module/mem_reg[16][0]/Q (HIGH)

 There are 7 register/latch pins with no clock driven by root clock pin: script_mem_module/mem_reg[16][1]/Q (HIGH)

 There are 7 register/latch pins with no clock driven by root clock pin: script_mem_module/mem_reg[16][2]/Q (HIGH)

 There are 3 register/latch pins with no clock driven by root clock pin: script_mem_module/mem_reg[16][3]/Q (HIGH)

 There are 2 register/latch pins with no clock driven by root clock pin: script_mem_module/mem_reg[16][4]/Q (HIGH)

 There is 1 register/latch pin with no clock driven by root clock pin: script_mem_module/mem_reg[16][5]/Q (HIGH)

 There are 7 register/latch pins with no clock driven by root clock pin: script_mem_module/mem_reg[17][0]/Q (HIGH)

 There are 7 register/latch pins with no clock driven by root clock pin: script_mem_module/mem_reg[17][1]/Q (HIGH)

 There are 7 register/latch pins with no clock driven by root clock pin: script_mem_module/mem_reg[17][2]/Q (HIGH)

 There are 3 register/latch pins with no clock driven by root clock pin: script_mem_module/mem_reg[17][3]/Q (HIGH)

 There are 2 register/latch pins with no clock driven by root clock pin: script_mem_module/mem_reg[17][4]/Q (HIGH)

 There is 1 register/latch pin with no clock driven by root clock pin: script_mem_module/mem_reg[17][5]/Q (HIGH)

 There are 7 register/latch pins with no clock driven by root clock pin: script_mem_module/mem_reg[18][0]/Q (HIGH)

 There are 7 register/latch pins with no clock driven by root clock pin: script_mem_module/mem_reg[18][1]/Q (HIGH)

 There are 7 register/latch pins with no clock driven by root clock pin: script_mem_module/mem_reg[18][2]/Q (HIGH)

 There are 3 register/latch pins with no clock driven by root clock pin: script_mem_module/mem_reg[18][3]/Q (HIGH)

 There are 2 register/latch pins with no clock driven by root clock pin: script_mem_module/mem_reg[18][4]/Q (HIGH)

 There is 1 register/latch pin with no clock driven by root clock pin: script_mem_module/mem_reg[18][5]/Q (HIGH)

 There are 7 register/latch pins with no clock driven by root clock pin: script_mem_module/mem_reg[19][0]/Q (HIGH)

 There are 7 register/latch pins with no clock driven by root clock pin: script_mem_module/mem_reg[19][1]/Q (HIGH)

 There are 7 register/latch pins with no clock driven by root clock pin: script_mem_module/mem_reg[19][2]/Q (HIGH)

 There are 3 register/latch pins with no clock driven by root clock pin: script_mem_module/mem_reg[19][3]/Q (HIGH)

 There are 2 register/latch pins with no clock driven by root clock pin: script_mem_module/mem_reg[19][4]/Q (HIGH)

 There is 1 register/latch pin with no clock driven by root clock pin: script_mem_module/mem_reg[19][5]/Q (HIGH)

 There are 7 register/latch pins with no clock driven by root clock pin: script_mem_module/mem_reg[1][0]/Q (HIGH)

 There are 7 register/latch pins with no clock driven by root clock pin: script_mem_module/mem_reg[1][1]/Q (HIGH)

 There are 7 register/latch pins with no clock driven by root clock pin: script_mem_module/mem_reg[1][2]/Q (HIGH)

 There are 3 register/latch pins with no clock driven by root clock pin: script_mem_module/mem_reg[1][3]/Q (HIGH)

 There are 2 register/latch pins with no clock driven by root clock pin: script_mem_module/mem_reg[1][4]/Q (HIGH)

 There is 1 register/latch pin with no clock driven by root clock pin: script_mem_module/mem_reg[1][5]/Q (HIGH)

 There are 7 register/latch pins with no clock driven by root clock pin: script_mem_module/mem_reg[20][0]/Q (HIGH)

 There are 7 register/latch pins with no clock driven by root clock pin: script_mem_module/mem_reg[20][1]/Q (HIGH)

 There are 7 register/latch pins with no clock driven by root clock pin: script_mem_module/mem_reg[20][2]/Q (HIGH)

 There are 3 register/latch pins with no clock driven by root clock pin: script_mem_module/mem_reg[20][3]/Q (HIGH)

 There are 2 register/latch pins with no clock driven by root clock pin: script_mem_module/mem_reg[20][4]/Q (HIGH)

 There is 1 register/latch pin with no clock driven by root clock pin: script_mem_module/mem_reg[20][5]/Q (HIGH)

 There are 7 register/latch pins with no clock driven by root clock pin: script_mem_module/mem_reg[21][0]/Q (HIGH)

 There are 7 register/latch pins with no clock driven by root clock pin: script_mem_module/mem_reg[21][1]/Q (HIGH)

 There are 7 register/latch pins with no clock driven by root clock pin: script_mem_module/mem_reg[21][2]/Q (HIGH)

 There are 3 register/latch pins with no clock driven by root clock pin: script_mem_module/mem_reg[21][3]/Q (HIGH)

 There are 2 register/latch pins with no clock driven by root clock pin: script_mem_module/mem_reg[21][4]/Q (HIGH)

 There is 1 register/latch pin with no clock driven by root clock pin: script_mem_module/mem_reg[21][5]/Q (HIGH)

 There are 7 register/latch pins with no clock driven by root clock pin: script_mem_module/mem_reg[22][0]/Q (HIGH)

 There are 7 register/latch pins with no clock driven by root clock pin: script_mem_module/mem_reg[22][1]/Q (HIGH)

 There are 7 register/latch pins with no clock driven by root clock pin: script_mem_module/mem_reg[22][2]/Q (HIGH)

 There are 3 register/latch pins with no clock driven by root clock pin: script_mem_module/mem_reg[22][3]/Q (HIGH)

 There are 2 register/latch pins with no clock driven by root clock pin: script_mem_module/mem_reg[22][4]/Q (HIGH)

 There is 1 register/latch pin with no clock driven by root clock pin: script_mem_module/mem_reg[22][5]/Q (HIGH)

 There are 7 register/latch pins with no clock driven by root clock pin: script_mem_module/mem_reg[23][0]/Q (HIGH)

 There are 7 register/latch pins with no clock driven by root clock pin: script_mem_module/mem_reg[23][1]/Q (HIGH)

 There are 7 register/latch pins with no clock driven by root clock pin: script_mem_module/mem_reg[23][2]/Q (HIGH)

 There are 3 register/latch pins with no clock driven by root clock pin: script_mem_module/mem_reg[23][3]/Q (HIGH)

 There are 2 register/latch pins with no clock driven by root clock pin: script_mem_module/mem_reg[23][4]/Q (HIGH)

 There is 1 register/latch pin with no clock driven by root clock pin: script_mem_module/mem_reg[23][5]/Q (HIGH)

 There are 7 register/latch pins with no clock driven by root clock pin: script_mem_module/mem_reg[24][0]/Q (HIGH)

 There are 7 register/latch pins with no clock driven by root clock pin: script_mem_module/mem_reg[24][1]/Q (HIGH)

 There are 7 register/latch pins with no clock driven by root clock pin: script_mem_module/mem_reg[24][2]/Q (HIGH)

 There are 3 register/latch pins with no clock driven by root clock pin: script_mem_module/mem_reg[24][3]/Q (HIGH)

 There are 2 register/latch pins with no clock driven by root clock pin: script_mem_module/mem_reg[24][4]/Q (HIGH)

 There is 1 register/latch pin with no clock driven by root clock pin: script_mem_module/mem_reg[24][5]/Q (HIGH)

 There are 7 register/latch pins with no clock driven by root clock pin: script_mem_module/mem_reg[25][0]/Q (HIGH)

 There are 7 register/latch pins with no clock driven by root clock pin: script_mem_module/mem_reg[25][1]/Q (HIGH)

 There are 7 register/latch pins with no clock driven by root clock pin: script_mem_module/mem_reg[25][2]/Q (HIGH)

 There are 3 register/latch pins with no clock driven by root clock pin: script_mem_module/mem_reg[25][3]/Q (HIGH)

 There are 2 register/latch pins with no clock driven by root clock pin: script_mem_module/mem_reg[25][4]/Q (HIGH)

 There is 1 register/latch pin with no clock driven by root clock pin: script_mem_module/mem_reg[25][5]/Q (HIGH)

 There are 7 register/latch pins with no clock driven by root clock pin: script_mem_module/mem_reg[26][0]/Q (HIGH)

 There are 7 register/latch pins with no clock driven by root clock pin: script_mem_module/mem_reg[26][1]/Q (HIGH)

 There are 7 register/latch pins with no clock driven by root clock pin: script_mem_module/mem_reg[26][2]/Q (HIGH)

 There are 3 register/latch pins with no clock driven by root clock pin: script_mem_module/mem_reg[26][3]/Q (HIGH)

 There are 2 register/latch pins with no clock driven by root clock pin: script_mem_module/mem_reg[26][4]/Q (HIGH)

 There is 1 register/latch pin with no clock driven by root clock pin: script_mem_module/mem_reg[26][5]/Q (HIGH)

 There are 7 register/latch pins with no clock driven by root clock pin: script_mem_module/mem_reg[27][0]/Q (HIGH)

 There are 7 register/latch pins with no clock driven by root clock pin: script_mem_module/mem_reg[27][1]/Q (HIGH)

 There are 7 register/latch pins with no clock driven by root clock pin: script_mem_module/mem_reg[27][2]/Q (HIGH)

 There are 3 register/latch pins with no clock driven by root clock pin: script_mem_module/mem_reg[27][3]/Q (HIGH)

 There are 2 register/latch pins with no clock driven by root clock pin: script_mem_module/mem_reg[27][4]/Q (HIGH)

 There is 1 register/latch pin with no clock driven by root clock pin: script_mem_module/mem_reg[27][5]/Q (HIGH)

 There are 7 register/latch pins with no clock driven by root clock pin: script_mem_module/mem_reg[28][0]/Q (HIGH)

 There are 7 register/latch pins with no clock driven by root clock pin: script_mem_module/mem_reg[28][1]/Q (HIGH)

 There are 7 register/latch pins with no clock driven by root clock pin: script_mem_module/mem_reg[28][2]/Q (HIGH)

 There are 3 register/latch pins with no clock driven by root clock pin: script_mem_module/mem_reg[28][3]/Q (HIGH)

 There are 2 register/latch pins with no clock driven by root clock pin: script_mem_module/mem_reg[28][4]/Q (HIGH)

 There is 1 register/latch pin with no clock driven by root clock pin: script_mem_module/mem_reg[28][5]/Q (HIGH)

 There are 7 register/latch pins with no clock driven by root clock pin: script_mem_module/mem_reg[29][0]/Q (HIGH)

 There are 7 register/latch pins with no clock driven by root clock pin: script_mem_module/mem_reg[29][1]/Q (HIGH)

 There are 7 register/latch pins with no clock driven by root clock pin: script_mem_module/mem_reg[29][2]/Q (HIGH)

 There are 3 register/latch pins with no clock driven by root clock pin: script_mem_module/mem_reg[29][3]/Q (HIGH)

 There are 2 register/latch pins with no clock driven by root clock pin: script_mem_module/mem_reg[29][4]/Q (HIGH)

 There is 1 register/latch pin with no clock driven by root clock pin: script_mem_module/mem_reg[29][5]/Q (HIGH)

 There are 7 register/latch pins with no clock driven by root clock pin: script_mem_module/mem_reg[2][0]/Q (HIGH)

 There are 7 register/latch pins with no clock driven by root clock pin: script_mem_module/mem_reg[2][1]/Q (HIGH)

 There are 7 register/latch pins with no clock driven by root clock pin: script_mem_module/mem_reg[2][2]/Q (HIGH)

 There are 3 register/latch pins with no clock driven by root clock pin: script_mem_module/mem_reg[2][3]/Q (HIGH)

 There are 2 register/latch pins with no clock driven by root clock pin: script_mem_module/mem_reg[2][4]/Q (HIGH)

 There is 1 register/latch pin with no clock driven by root clock pin: script_mem_module/mem_reg[2][5]/Q (HIGH)

 There are 7 register/latch pins with no clock driven by root clock pin: script_mem_module/mem_reg[30][0]/Q (HIGH)

 There are 7 register/latch pins with no clock driven by root clock pin: script_mem_module/mem_reg[30][1]/Q (HIGH)

 There are 7 register/latch pins with no clock driven by root clock pin: script_mem_module/mem_reg[30][2]/Q (HIGH)

 There are 3 register/latch pins with no clock driven by root clock pin: script_mem_module/mem_reg[30][3]/Q (HIGH)

 There are 2 register/latch pins with no clock driven by root clock pin: script_mem_module/mem_reg[30][4]/Q (HIGH)

 There is 1 register/latch pin with no clock driven by root clock pin: script_mem_module/mem_reg[30][5]/Q (HIGH)

 There are 7 register/latch pins with no clock driven by root clock pin: script_mem_module/mem_reg[31][0]/Q (HIGH)

 There are 7 register/latch pins with no clock driven by root clock pin: script_mem_module/mem_reg[31][1]/Q (HIGH)

 There are 7 register/latch pins with no clock driven by root clock pin: script_mem_module/mem_reg[31][2]/Q (HIGH)

 There are 3 register/latch pins with no clock driven by root clock pin: script_mem_module/mem_reg[31][3]/Q (HIGH)

 There are 2 register/latch pins with no clock driven by root clock pin: script_mem_module/mem_reg[31][4]/Q (HIGH)

 There is 1 register/latch pin with no clock driven by root clock pin: script_mem_module/mem_reg[31][5]/Q (HIGH)

 There are 7 register/latch pins with no clock driven by root clock pin: script_mem_module/mem_reg[32][0]/Q (HIGH)

 There are 7 register/latch pins with no clock driven by root clock pin: script_mem_module/mem_reg[32][1]/Q (HIGH)

 There are 7 register/latch pins with no clock driven by root clock pin: script_mem_module/mem_reg[32][2]/Q (HIGH)

 There are 3 register/latch pins with no clock driven by root clock pin: script_mem_module/mem_reg[32][3]/Q (HIGH)

 There are 2 register/latch pins with no clock driven by root clock pin: script_mem_module/mem_reg[32][4]/Q (HIGH)

 There is 1 register/latch pin with no clock driven by root clock pin: script_mem_module/mem_reg[32][5]/Q (HIGH)

 There are 7 register/latch pins with no clock driven by root clock pin: script_mem_module/mem_reg[33][0]/Q (HIGH)

 There are 7 register/latch pins with no clock driven by root clock pin: script_mem_module/mem_reg[33][1]/Q (HIGH)

 There are 7 register/latch pins with no clock driven by root clock pin: script_mem_module/mem_reg[33][2]/Q (HIGH)

 There are 3 register/latch pins with no clock driven by root clock pin: script_mem_module/mem_reg[33][3]/Q (HIGH)

 There are 2 register/latch pins with no clock driven by root clock pin: script_mem_module/mem_reg[33][4]/Q (HIGH)

 There is 1 register/latch pin with no clock driven by root clock pin: script_mem_module/mem_reg[33][5]/Q (HIGH)

 There are 7 register/latch pins with no clock driven by root clock pin: script_mem_module/mem_reg[34][0]/Q (HIGH)

 There are 7 register/latch pins with no clock driven by root clock pin: script_mem_module/mem_reg[34][1]/Q (HIGH)

 There are 7 register/latch pins with no clock driven by root clock pin: script_mem_module/mem_reg[34][2]/Q (HIGH)

 There are 3 register/latch pins with no clock driven by root clock pin: script_mem_module/mem_reg[34][3]/Q (HIGH)

 There are 2 register/latch pins with no clock driven by root clock pin: script_mem_module/mem_reg[34][4]/Q (HIGH)

 There is 1 register/latch pin with no clock driven by root clock pin: script_mem_module/mem_reg[34][5]/Q (HIGH)

 There are 7 register/latch pins with no clock driven by root clock pin: script_mem_module/mem_reg[35][0]/Q (HIGH)

 There are 7 register/latch pins with no clock driven by root clock pin: script_mem_module/mem_reg[35][1]/Q (HIGH)

 There are 7 register/latch pins with no clock driven by root clock pin: script_mem_module/mem_reg[35][2]/Q (HIGH)

 There are 3 register/latch pins with no clock driven by root clock pin: script_mem_module/mem_reg[35][3]/Q (HIGH)

 There are 2 register/latch pins with no clock driven by root clock pin: script_mem_module/mem_reg[35][4]/Q (HIGH)

 There is 1 register/latch pin with no clock driven by root clock pin: script_mem_module/mem_reg[35][5]/Q (HIGH)

 There are 7 register/latch pins with no clock driven by root clock pin: script_mem_module/mem_reg[36][0]/Q (HIGH)

 There are 7 register/latch pins with no clock driven by root clock pin: script_mem_module/mem_reg[36][1]/Q (HIGH)

 There are 7 register/latch pins with no clock driven by root clock pin: script_mem_module/mem_reg[36][2]/Q (HIGH)

 There are 3 register/latch pins with no clock driven by root clock pin: script_mem_module/mem_reg[36][3]/Q (HIGH)

 There are 2 register/latch pins with no clock driven by root clock pin: script_mem_module/mem_reg[36][4]/Q (HIGH)

 There is 1 register/latch pin with no clock driven by root clock pin: script_mem_module/mem_reg[36][5]/Q (HIGH)

 There are 7 register/latch pins with no clock driven by root clock pin: script_mem_module/mem_reg[37][0]/Q (HIGH)

 There are 7 register/latch pins with no clock driven by root clock pin: script_mem_module/mem_reg[37][1]/Q (HIGH)

 There are 7 register/latch pins with no clock driven by root clock pin: script_mem_module/mem_reg[37][2]/Q (HIGH)

 There are 3 register/latch pins with no clock driven by root clock pin: script_mem_module/mem_reg[37][3]/Q (HIGH)

 There are 2 register/latch pins with no clock driven by root clock pin: script_mem_module/mem_reg[37][4]/Q (HIGH)

 There is 1 register/latch pin with no clock driven by root clock pin: script_mem_module/mem_reg[37][5]/Q (HIGH)

 There are 7 register/latch pins with no clock driven by root clock pin: script_mem_module/mem_reg[38][0]/Q (HIGH)

 There are 7 register/latch pins with no clock driven by root clock pin: script_mem_module/mem_reg[38][1]/Q (HIGH)

 There are 7 register/latch pins with no clock driven by root clock pin: script_mem_module/mem_reg[38][2]/Q (HIGH)

 There are 3 register/latch pins with no clock driven by root clock pin: script_mem_module/mem_reg[38][3]/Q (HIGH)

 There are 2 register/latch pins with no clock driven by root clock pin: script_mem_module/mem_reg[38][4]/Q (HIGH)

 There is 1 register/latch pin with no clock driven by root clock pin: script_mem_module/mem_reg[38][5]/Q (HIGH)

 There are 7 register/latch pins with no clock driven by root clock pin: script_mem_module/mem_reg[39][0]/Q (HIGH)

 There are 7 register/latch pins with no clock driven by root clock pin: script_mem_module/mem_reg[39][1]/Q (HIGH)

 There are 7 register/latch pins with no clock driven by root clock pin: script_mem_module/mem_reg[39][2]/Q (HIGH)

 There are 3 register/latch pins with no clock driven by root clock pin: script_mem_module/mem_reg[39][3]/Q (HIGH)

 There are 2 register/latch pins with no clock driven by root clock pin: script_mem_module/mem_reg[39][4]/Q (HIGH)

 There is 1 register/latch pin with no clock driven by root clock pin: script_mem_module/mem_reg[39][5]/Q (HIGH)

 There are 7 register/latch pins with no clock driven by root clock pin: script_mem_module/mem_reg[3][0]/Q (HIGH)

 There are 7 register/latch pins with no clock driven by root clock pin: script_mem_module/mem_reg[3][1]/Q (HIGH)

 There are 7 register/latch pins with no clock driven by root clock pin: script_mem_module/mem_reg[3][2]/Q (HIGH)

 There are 3 register/latch pins with no clock driven by root clock pin: script_mem_module/mem_reg[3][3]/Q (HIGH)

 There are 2 register/latch pins with no clock driven by root clock pin: script_mem_module/mem_reg[3][4]/Q (HIGH)

 There is 1 register/latch pin with no clock driven by root clock pin: script_mem_module/mem_reg[3][5]/Q (HIGH)

 There are 7 register/latch pins with no clock driven by root clock pin: script_mem_module/mem_reg[40][0]/Q (HIGH)

 There are 7 register/latch pins with no clock driven by root clock pin: script_mem_module/mem_reg[40][1]/Q (HIGH)

 There are 7 register/latch pins with no clock driven by root clock pin: script_mem_module/mem_reg[40][2]/Q (HIGH)

 There are 3 register/latch pins with no clock driven by root clock pin: script_mem_module/mem_reg[40][3]/Q (HIGH)

 There are 2 register/latch pins with no clock driven by root clock pin: script_mem_module/mem_reg[40][4]/Q (HIGH)

 There is 1 register/latch pin with no clock driven by root clock pin: script_mem_module/mem_reg[40][5]/Q (HIGH)

 There are 7 register/latch pins with no clock driven by root clock pin: script_mem_module/mem_reg[41][0]/Q (HIGH)

 There are 7 register/latch pins with no clock driven by root clock pin: script_mem_module/mem_reg[41][1]/Q (HIGH)

 There are 7 register/latch pins with no clock driven by root clock pin: script_mem_module/mem_reg[41][2]/Q (HIGH)

 There are 3 register/latch pins with no clock driven by root clock pin: script_mem_module/mem_reg[41][3]/Q (HIGH)

 There are 2 register/latch pins with no clock driven by root clock pin: script_mem_module/mem_reg[41][4]/Q (HIGH)

 There is 1 register/latch pin with no clock driven by root clock pin: script_mem_module/mem_reg[41][5]/Q (HIGH)

 There are 7 register/latch pins with no clock driven by root clock pin: script_mem_module/mem_reg[42][0]/Q (HIGH)

 There are 7 register/latch pins with no clock driven by root clock pin: script_mem_module/mem_reg[42][1]/Q (HIGH)

 There are 7 register/latch pins with no clock driven by root clock pin: script_mem_module/mem_reg[42][2]/Q (HIGH)

 There are 3 register/latch pins with no clock driven by root clock pin: script_mem_module/mem_reg[42][3]/Q (HIGH)

 There are 2 register/latch pins with no clock driven by root clock pin: script_mem_module/mem_reg[42][4]/Q (HIGH)

 There is 1 register/latch pin with no clock driven by root clock pin: script_mem_module/mem_reg[42][5]/Q (HIGH)

 There are 7 register/latch pins with no clock driven by root clock pin: script_mem_module/mem_reg[43][0]/Q (HIGH)

 There are 7 register/latch pins with no clock driven by root clock pin: script_mem_module/mem_reg[43][1]/Q (HIGH)

 There are 7 register/latch pins with no clock driven by root clock pin: script_mem_module/mem_reg[43][2]/Q (HIGH)

 There are 3 register/latch pins with no clock driven by root clock pin: script_mem_module/mem_reg[43][3]/Q (HIGH)

 There are 2 register/latch pins with no clock driven by root clock pin: script_mem_module/mem_reg[43][4]/Q (HIGH)

 There is 1 register/latch pin with no clock driven by root clock pin: script_mem_module/mem_reg[43][5]/Q (HIGH)

 There are 7 register/latch pins with no clock driven by root clock pin: script_mem_module/mem_reg[44][0]/Q (HIGH)

 There are 7 register/latch pins with no clock driven by root clock pin: script_mem_module/mem_reg[44][1]/Q (HIGH)

 There are 7 register/latch pins with no clock driven by root clock pin: script_mem_module/mem_reg[44][2]/Q (HIGH)

 There are 3 register/latch pins with no clock driven by root clock pin: script_mem_module/mem_reg[44][3]/Q (HIGH)

 There are 2 register/latch pins with no clock driven by root clock pin: script_mem_module/mem_reg[44][4]/Q (HIGH)

 There is 1 register/latch pin with no clock driven by root clock pin: script_mem_module/mem_reg[44][5]/Q (HIGH)

 There are 7 register/latch pins with no clock driven by root clock pin: script_mem_module/mem_reg[45][0]/Q (HIGH)

 There are 7 register/latch pins with no clock driven by root clock pin: script_mem_module/mem_reg[45][1]/Q (HIGH)

 There are 7 register/latch pins with no clock driven by root clock pin: script_mem_module/mem_reg[45][2]/Q (HIGH)

 There are 3 register/latch pins with no clock driven by root clock pin: script_mem_module/mem_reg[45][3]/Q (HIGH)

 There are 2 register/latch pins with no clock driven by root clock pin: script_mem_module/mem_reg[45][4]/Q (HIGH)

 There is 1 register/latch pin with no clock driven by root clock pin: script_mem_module/mem_reg[45][5]/Q (HIGH)

 There are 7 register/latch pins with no clock driven by root clock pin: script_mem_module/mem_reg[46][0]/Q (HIGH)

 There are 7 register/latch pins with no clock driven by root clock pin: script_mem_module/mem_reg[46][1]/Q (HIGH)

 There are 7 register/latch pins with no clock driven by root clock pin: script_mem_module/mem_reg[46][2]/Q (HIGH)

 There are 3 register/latch pins with no clock driven by root clock pin: script_mem_module/mem_reg[46][3]/Q (HIGH)

 There are 2 register/latch pins with no clock driven by root clock pin: script_mem_module/mem_reg[46][4]/Q (HIGH)

 There is 1 register/latch pin with no clock driven by root clock pin: script_mem_module/mem_reg[46][5]/Q (HIGH)

 There are 7 register/latch pins with no clock driven by root clock pin: script_mem_module/mem_reg[47][0]/Q (HIGH)

 There are 7 register/latch pins with no clock driven by root clock pin: script_mem_module/mem_reg[47][1]/Q (HIGH)

 There are 7 register/latch pins with no clock driven by root clock pin: script_mem_module/mem_reg[47][2]/Q (HIGH)

 There are 3 register/latch pins with no clock driven by root clock pin: script_mem_module/mem_reg[47][3]/Q (HIGH)

 There are 2 register/latch pins with no clock driven by root clock pin: script_mem_module/mem_reg[47][4]/Q (HIGH)

 There is 1 register/latch pin with no clock driven by root clock pin: script_mem_module/mem_reg[47][5]/Q (HIGH)

 There are 7 register/latch pins with no clock driven by root clock pin: script_mem_module/mem_reg[48][0]/Q (HIGH)

 There are 7 register/latch pins with no clock driven by root clock pin: script_mem_module/mem_reg[48][1]/Q (HIGH)

 There are 7 register/latch pins with no clock driven by root clock pin: script_mem_module/mem_reg[48][2]/Q (HIGH)

 There are 3 register/latch pins with no clock driven by root clock pin: script_mem_module/mem_reg[48][3]/Q (HIGH)

 There are 2 register/latch pins with no clock driven by root clock pin: script_mem_module/mem_reg[48][4]/Q (HIGH)

 There is 1 register/latch pin with no clock driven by root clock pin: script_mem_module/mem_reg[48][5]/Q (HIGH)

 There are 7 register/latch pins with no clock driven by root clock pin: script_mem_module/mem_reg[49][0]/Q (HIGH)

 There are 7 register/latch pins with no clock driven by root clock pin: script_mem_module/mem_reg[49][1]/Q (HIGH)

 There are 7 register/latch pins with no clock driven by root clock pin: script_mem_module/mem_reg[49][2]/Q (HIGH)

 There are 3 register/latch pins with no clock driven by root clock pin: script_mem_module/mem_reg[49][3]/Q (HIGH)

 There are 2 register/latch pins with no clock driven by root clock pin: script_mem_module/mem_reg[49][4]/Q (HIGH)

 There is 1 register/latch pin with no clock driven by root clock pin: script_mem_module/mem_reg[49][5]/Q (HIGH)

 There are 7 register/latch pins with no clock driven by root clock pin: script_mem_module/mem_reg[4][0]/Q (HIGH)

 There are 7 register/latch pins with no clock driven by root clock pin: script_mem_module/mem_reg[4][1]/Q (HIGH)

 There are 7 register/latch pins with no clock driven by root clock pin: script_mem_module/mem_reg[4][2]/Q (HIGH)

 There are 3 register/latch pins with no clock driven by root clock pin: script_mem_module/mem_reg[4][3]/Q (HIGH)

 There are 2 register/latch pins with no clock driven by root clock pin: script_mem_module/mem_reg[4][4]/Q (HIGH)

 There is 1 register/latch pin with no clock driven by root clock pin: script_mem_module/mem_reg[4][5]/Q (HIGH)

 There are 7 register/latch pins with no clock driven by root clock pin: script_mem_module/mem_reg[50][0]/Q (HIGH)

 There are 7 register/latch pins with no clock driven by root clock pin: script_mem_module/mem_reg[50][1]/Q (HIGH)

 There are 7 register/latch pins with no clock driven by root clock pin: script_mem_module/mem_reg[50][2]/Q (HIGH)

 There are 3 register/latch pins with no clock driven by root clock pin: script_mem_module/mem_reg[50][3]/Q (HIGH)

 There are 2 register/latch pins with no clock driven by root clock pin: script_mem_module/mem_reg[50][4]/Q (HIGH)

 There is 1 register/latch pin with no clock driven by root clock pin: script_mem_module/mem_reg[50][5]/Q (HIGH)

 There are 7 register/latch pins with no clock driven by root clock pin: script_mem_module/mem_reg[51][0]/Q (HIGH)

 There are 7 register/latch pins with no clock driven by root clock pin: script_mem_module/mem_reg[51][1]/Q (HIGH)

 There are 7 register/latch pins with no clock driven by root clock pin: script_mem_module/mem_reg[51][2]/Q (HIGH)

 There are 3 register/latch pins with no clock driven by root clock pin: script_mem_module/mem_reg[51][3]/Q (HIGH)

 There are 2 register/latch pins with no clock driven by root clock pin: script_mem_module/mem_reg[51][4]/Q (HIGH)

 There is 1 register/latch pin with no clock driven by root clock pin: script_mem_module/mem_reg[51][5]/Q (HIGH)

 There are 7 register/latch pins with no clock driven by root clock pin: script_mem_module/mem_reg[52][0]/Q (HIGH)

 There are 7 register/latch pins with no clock driven by root clock pin: script_mem_module/mem_reg[52][1]/Q (HIGH)

 There are 7 register/latch pins with no clock driven by root clock pin: script_mem_module/mem_reg[52][2]/Q (HIGH)

 There are 3 register/latch pins with no clock driven by root clock pin: script_mem_module/mem_reg[52][3]/Q (HIGH)

 There are 2 register/latch pins with no clock driven by root clock pin: script_mem_module/mem_reg[52][4]/Q (HIGH)

 There is 1 register/latch pin with no clock driven by root clock pin: script_mem_module/mem_reg[52][5]/Q (HIGH)

 There are 7 register/latch pins with no clock driven by root clock pin: script_mem_module/mem_reg[53][0]/Q (HIGH)

 There are 7 register/latch pins with no clock driven by root clock pin: script_mem_module/mem_reg[53][1]/Q (HIGH)

 There are 7 register/latch pins with no clock driven by root clock pin: script_mem_module/mem_reg[53][2]/Q (HIGH)

 There are 3 register/latch pins with no clock driven by root clock pin: script_mem_module/mem_reg[53][3]/Q (HIGH)

 There are 2 register/latch pins with no clock driven by root clock pin: script_mem_module/mem_reg[53][4]/Q (HIGH)

 There is 1 register/latch pin with no clock driven by root clock pin: script_mem_module/mem_reg[53][5]/Q (HIGH)

 There are 7 register/latch pins with no clock driven by root clock pin: script_mem_module/mem_reg[54][0]/Q (HIGH)

 There are 7 register/latch pins with no clock driven by root clock pin: script_mem_module/mem_reg[54][1]/Q (HIGH)

 There are 7 register/latch pins with no clock driven by root clock pin: script_mem_module/mem_reg[54][2]/Q (HIGH)

 There are 3 register/latch pins with no clock driven by root clock pin: script_mem_module/mem_reg[54][3]/Q (HIGH)

 There are 2 register/latch pins with no clock driven by root clock pin: script_mem_module/mem_reg[54][4]/Q (HIGH)

 There is 1 register/latch pin with no clock driven by root clock pin: script_mem_module/mem_reg[54][5]/Q (HIGH)

 There are 7 register/latch pins with no clock driven by root clock pin: script_mem_module/mem_reg[55][0]/Q (HIGH)

 There are 7 register/latch pins with no clock driven by root clock pin: script_mem_module/mem_reg[55][1]/Q (HIGH)

 There are 7 register/latch pins with no clock driven by root clock pin: script_mem_module/mem_reg[55][2]/Q (HIGH)

 There are 3 register/latch pins with no clock driven by root clock pin: script_mem_module/mem_reg[55][3]/Q (HIGH)

 There are 2 register/latch pins with no clock driven by root clock pin: script_mem_module/mem_reg[55][4]/Q (HIGH)

 There is 1 register/latch pin with no clock driven by root clock pin: script_mem_module/mem_reg[55][5]/Q (HIGH)

 There are 7 register/latch pins with no clock driven by root clock pin: script_mem_module/mem_reg[56][0]/Q (HIGH)

 There are 7 register/latch pins with no clock driven by root clock pin: script_mem_module/mem_reg[56][1]/Q (HIGH)

 There are 7 register/latch pins with no clock driven by root clock pin: script_mem_module/mem_reg[56][2]/Q (HIGH)

 There are 3 register/latch pins with no clock driven by root clock pin: script_mem_module/mem_reg[56][3]/Q (HIGH)

 There are 2 register/latch pins with no clock driven by root clock pin: script_mem_module/mem_reg[56][4]/Q (HIGH)

 There is 1 register/latch pin with no clock driven by root clock pin: script_mem_module/mem_reg[56][5]/Q (HIGH)

 There are 7 register/latch pins with no clock driven by root clock pin: script_mem_module/mem_reg[57][0]/Q (HIGH)

 There are 7 register/latch pins with no clock driven by root clock pin: script_mem_module/mem_reg[57][1]/Q (HIGH)

 There are 7 register/latch pins with no clock driven by root clock pin: script_mem_module/mem_reg[57][2]/Q (HIGH)

 There are 3 register/latch pins with no clock driven by root clock pin: script_mem_module/mem_reg[57][3]/Q (HIGH)

 There are 2 register/latch pins with no clock driven by root clock pin: script_mem_module/mem_reg[57][4]/Q (HIGH)

 There is 1 register/latch pin with no clock driven by root clock pin: script_mem_module/mem_reg[57][5]/Q (HIGH)

 There are 7 register/latch pins with no clock driven by root clock pin: script_mem_module/mem_reg[58][0]/Q (HIGH)

 There are 7 register/latch pins with no clock driven by root clock pin: script_mem_module/mem_reg[58][1]/Q (HIGH)

 There are 7 register/latch pins with no clock driven by root clock pin: script_mem_module/mem_reg[58][2]/Q (HIGH)

 There are 3 register/latch pins with no clock driven by root clock pin: script_mem_module/mem_reg[58][3]/Q (HIGH)

 There are 2 register/latch pins with no clock driven by root clock pin: script_mem_module/mem_reg[58][4]/Q (HIGH)

 There is 1 register/latch pin with no clock driven by root clock pin: script_mem_module/mem_reg[58][5]/Q (HIGH)

 There are 7 register/latch pins with no clock driven by root clock pin: script_mem_module/mem_reg[59][0]/Q (HIGH)

 There are 7 register/latch pins with no clock driven by root clock pin: script_mem_module/mem_reg[59][1]/Q (HIGH)

 There are 7 register/latch pins with no clock driven by root clock pin: script_mem_module/mem_reg[59][2]/Q (HIGH)

 There are 3 register/latch pins with no clock driven by root clock pin: script_mem_module/mem_reg[59][3]/Q (HIGH)

 There are 2 register/latch pins with no clock driven by root clock pin: script_mem_module/mem_reg[59][4]/Q (HIGH)

 There is 1 register/latch pin with no clock driven by root clock pin: script_mem_module/mem_reg[59][5]/Q (HIGH)

 There are 7 register/latch pins with no clock driven by root clock pin: script_mem_module/mem_reg[5][0]/Q (HIGH)

 There are 7 register/latch pins with no clock driven by root clock pin: script_mem_module/mem_reg[5][1]/Q (HIGH)

 There are 7 register/latch pins with no clock driven by root clock pin: script_mem_module/mem_reg[5][2]/Q (HIGH)

 There are 3 register/latch pins with no clock driven by root clock pin: script_mem_module/mem_reg[5][3]/Q (HIGH)

 There are 2 register/latch pins with no clock driven by root clock pin: script_mem_module/mem_reg[5][4]/Q (HIGH)

 There is 1 register/latch pin with no clock driven by root clock pin: script_mem_module/mem_reg[5][5]/Q (HIGH)

 There are 7 register/latch pins with no clock driven by root clock pin: script_mem_module/mem_reg[60][0]/Q (HIGH)

 There are 7 register/latch pins with no clock driven by root clock pin: script_mem_module/mem_reg[60][1]/Q (HIGH)

 There are 7 register/latch pins with no clock driven by root clock pin: script_mem_module/mem_reg[60][2]/Q (HIGH)

 There are 3 register/latch pins with no clock driven by root clock pin: script_mem_module/mem_reg[60][3]/Q (HIGH)

 There are 2 register/latch pins with no clock driven by root clock pin: script_mem_module/mem_reg[60][4]/Q (HIGH)

 There is 1 register/latch pin with no clock driven by root clock pin: script_mem_module/mem_reg[60][5]/Q (HIGH)

 There are 7 register/latch pins with no clock driven by root clock pin: script_mem_module/mem_reg[61][0]/Q (HIGH)

 There are 7 register/latch pins with no clock driven by root clock pin: script_mem_module/mem_reg[61][1]/Q (HIGH)

 There are 7 register/latch pins with no clock driven by root clock pin: script_mem_module/mem_reg[61][2]/Q (HIGH)

 There are 3 register/latch pins with no clock driven by root clock pin: script_mem_module/mem_reg[61][3]/Q (HIGH)

 There are 2 register/latch pins with no clock driven by root clock pin: script_mem_module/mem_reg[61][4]/Q (HIGH)

 There is 1 register/latch pin with no clock driven by root clock pin: script_mem_module/mem_reg[61][5]/Q (HIGH)

 There are 7 register/latch pins with no clock driven by root clock pin: script_mem_module/mem_reg[62][0]/Q (HIGH)

 There are 7 register/latch pins with no clock driven by root clock pin: script_mem_module/mem_reg[62][1]/Q (HIGH)

 There are 7 register/latch pins with no clock driven by root clock pin: script_mem_module/mem_reg[62][2]/Q (HIGH)

 There are 3 register/latch pins with no clock driven by root clock pin: script_mem_module/mem_reg[62][3]/Q (HIGH)

 There are 2 register/latch pins with no clock driven by root clock pin: script_mem_module/mem_reg[62][4]/Q (HIGH)

 There is 1 register/latch pin with no clock driven by root clock pin: script_mem_module/mem_reg[62][5]/Q (HIGH)

 There are 7 register/latch pins with no clock driven by root clock pin: script_mem_module/mem_reg[63][0]/Q (HIGH)

 There are 7 register/latch pins with no clock driven by root clock pin: script_mem_module/mem_reg[63][1]/Q (HIGH)

 There are 7 register/latch pins with no clock driven by root clock pin: script_mem_module/mem_reg[63][2]/Q (HIGH)

 There are 3 register/latch pins with no clock driven by root clock pin: script_mem_module/mem_reg[63][3]/Q (HIGH)

 There are 2 register/latch pins with no clock driven by root clock pin: script_mem_module/mem_reg[63][4]/Q (HIGH)

 There is 1 register/latch pin with no clock driven by root clock pin: script_mem_module/mem_reg[63][5]/Q (HIGH)

 There are 7 register/latch pins with no clock driven by root clock pin: script_mem_module/mem_reg[64][0]/Q (HIGH)

 There are 7 register/latch pins with no clock driven by root clock pin: script_mem_module/mem_reg[64][1]/Q (HIGH)

 There are 7 register/latch pins with no clock driven by root clock pin: script_mem_module/mem_reg[64][2]/Q (HIGH)

 There are 3 register/latch pins with no clock driven by root clock pin: script_mem_module/mem_reg[64][3]/Q (HIGH)

 There are 2 register/latch pins with no clock driven by root clock pin: script_mem_module/mem_reg[64][4]/Q (HIGH)

 There is 1 register/latch pin with no clock driven by root clock pin: script_mem_module/mem_reg[64][5]/Q (HIGH)

 There are 7 register/latch pins with no clock driven by root clock pin: script_mem_module/mem_reg[65][0]/Q (HIGH)

 There are 7 register/latch pins with no clock driven by root clock pin: script_mem_module/mem_reg[65][1]/Q (HIGH)

 There are 7 register/latch pins with no clock driven by root clock pin: script_mem_module/mem_reg[65][2]/Q (HIGH)

 There are 3 register/latch pins with no clock driven by root clock pin: script_mem_module/mem_reg[65][3]/Q (HIGH)

 There are 2 register/latch pins with no clock driven by root clock pin: script_mem_module/mem_reg[65][4]/Q (HIGH)

 There is 1 register/latch pin with no clock driven by root clock pin: script_mem_module/mem_reg[65][5]/Q (HIGH)

 There are 7 register/latch pins with no clock driven by root clock pin: script_mem_module/mem_reg[66][0]/Q (HIGH)

 There are 7 register/latch pins with no clock driven by root clock pin: script_mem_module/mem_reg[66][1]/Q (HIGH)

 There are 7 register/latch pins with no clock driven by root clock pin: script_mem_module/mem_reg[66][2]/Q (HIGH)

 There are 3 register/latch pins with no clock driven by root clock pin: script_mem_module/mem_reg[66][3]/Q (HIGH)

 There are 2 register/latch pins with no clock driven by root clock pin: script_mem_module/mem_reg[66][4]/Q (HIGH)

 There is 1 register/latch pin with no clock driven by root clock pin: script_mem_module/mem_reg[66][5]/Q (HIGH)

 There are 7 register/latch pins with no clock driven by root clock pin: script_mem_module/mem_reg[67][0]/Q (HIGH)

 There are 7 register/latch pins with no clock driven by root clock pin: script_mem_module/mem_reg[67][1]/Q (HIGH)

 There are 7 register/latch pins with no clock driven by root clock pin: script_mem_module/mem_reg[67][2]/Q (HIGH)

 There are 3 register/latch pins with no clock driven by root clock pin: script_mem_module/mem_reg[67][3]/Q (HIGH)

 There are 2 register/latch pins with no clock driven by root clock pin: script_mem_module/mem_reg[67][4]/Q (HIGH)

 There is 1 register/latch pin with no clock driven by root clock pin: script_mem_module/mem_reg[67][5]/Q (HIGH)

 There are 7 register/latch pins with no clock driven by root clock pin: script_mem_module/mem_reg[68][0]/Q (HIGH)

 There are 7 register/latch pins with no clock driven by root clock pin: script_mem_module/mem_reg[68][1]/Q (HIGH)

 There are 7 register/latch pins with no clock driven by root clock pin: script_mem_module/mem_reg[68][2]/Q (HIGH)

 There are 3 register/latch pins with no clock driven by root clock pin: script_mem_module/mem_reg[68][3]/Q (HIGH)

 There are 2 register/latch pins with no clock driven by root clock pin: script_mem_module/mem_reg[68][4]/Q (HIGH)

 There is 1 register/latch pin with no clock driven by root clock pin: script_mem_module/mem_reg[68][5]/Q (HIGH)

 There are 7 register/latch pins with no clock driven by root clock pin: script_mem_module/mem_reg[69][0]/Q (HIGH)

 There are 7 register/latch pins with no clock driven by root clock pin: script_mem_module/mem_reg[69][1]/Q (HIGH)

 There are 7 register/latch pins with no clock driven by root clock pin: script_mem_module/mem_reg[69][2]/Q (HIGH)

 There are 3 register/latch pins with no clock driven by root clock pin: script_mem_module/mem_reg[69][3]/Q (HIGH)

 There are 2 register/latch pins with no clock driven by root clock pin: script_mem_module/mem_reg[69][4]/Q (HIGH)

 There is 1 register/latch pin with no clock driven by root clock pin: script_mem_module/mem_reg[69][5]/Q (HIGH)

 There are 7 register/latch pins with no clock driven by root clock pin: script_mem_module/mem_reg[6][0]/Q (HIGH)

 There are 7 register/latch pins with no clock driven by root clock pin: script_mem_module/mem_reg[6][1]/Q (HIGH)

 There are 7 register/latch pins with no clock driven by root clock pin: script_mem_module/mem_reg[6][2]/Q (HIGH)

 There are 3 register/latch pins with no clock driven by root clock pin: script_mem_module/mem_reg[6][3]/Q (HIGH)

 There are 2 register/latch pins with no clock driven by root clock pin: script_mem_module/mem_reg[6][4]/Q (HIGH)

 There is 1 register/latch pin with no clock driven by root clock pin: script_mem_module/mem_reg[6][5]/Q (HIGH)

 There are 7 register/latch pins with no clock driven by root clock pin: script_mem_module/mem_reg[70][0]/Q (HIGH)

 There are 7 register/latch pins with no clock driven by root clock pin: script_mem_module/mem_reg[70][1]/Q (HIGH)

 There are 7 register/latch pins with no clock driven by root clock pin: script_mem_module/mem_reg[70][2]/Q (HIGH)

 There are 3 register/latch pins with no clock driven by root clock pin: script_mem_module/mem_reg[70][3]/Q (HIGH)

 There are 2 register/latch pins with no clock driven by root clock pin: script_mem_module/mem_reg[70][4]/Q (HIGH)

 There is 1 register/latch pin with no clock driven by root clock pin: script_mem_module/mem_reg[70][5]/Q (HIGH)

 There are 7 register/latch pins with no clock driven by root clock pin: script_mem_module/mem_reg[71][0]/Q (HIGH)

 There are 7 register/latch pins with no clock driven by root clock pin: script_mem_module/mem_reg[71][1]/Q (HIGH)

 There are 7 register/latch pins with no clock driven by root clock pin: script_mem_module/mem_reg[71][2]/Q (HIGH)

 There are 3 register/latch pins with no clock driven by root clock pin: script_mem_module/mem_reg[71][3]/Q (HIGH)

 There are 2 register/latch pins with no clock driven by root clock pin: script_mem_module/mem_reg[71][4]/Q (HIGH)

 There is 1 register/latch pin with no clock driven by root clock pin: script_mem_module/mem_reg[71][5]/Q (HIGH)

 There are 7 register/latch pins with no clock driven by root clock pin: script_mem_module/mem_reg[72][0]/Q (HIGH)

 There are 7 register/latch pins with no clock driven by root clock pin: script_mem_module/mem_reg[72][1]/Q (HIGH)

 There are 7 register/latch pins with no clock driven by root clock pin: script_mem_module/mem_reg[72][2]/Q (HIGH)

 There are 3 register/latch pins with no clock driven by root clock pin: script_mem_module/mem_reg[72][3]/Q (HIGH)

 There are 2 register/latch pins with no clock driven by root clock pin: script_mem_module/mem_reg[72][4]/Q (HIGH)

 There is 1 register/latch pin with no clock driven by root clock pin: script_mem_module/mem_reg[72][5]/Q (HIGH)

 There are 7 register/latch pins with no clock driven by root clock pin: script_mem_module/mem_reg[73][0]/Q (HIGH)

 There are 7 register/latch pins with no clock driven by root clock pin: script_mem_module/mem_reg[73][1]/Q (HIGH)

 There are 7 register/latch pins with no clock driven by root clock pin: script_mem_module/mem_reg[73][2]/Q (HIGH)

 There are 3 register/latch pins with no clock driven by root clock pin: script_mem_module/mem_reg[73][3]/Q (HIGH)

 There are 2 register/latch pins with no clock driven by root clock pin: script_mem_module/mem_reg[73][4]/Q (HIGH)

 There is 1 register/latch pin with no clock driven by root clock pin: script_mem_module/mem_reg[73][5]/Q (HIGH)

 There are 7 register/latch pins with no clock driven by root clock pin: script_mem_module/mem_reg[74][0]/Q (HIGH)

 There are 7 register/latch pins with no clock driven by root clock pin: script_mem_module/mem_reg[74][1]/Q (HIGH)

 There are 7 register/latch pins with no clock driven by root clock pin: script_mem_module/mem_reg[74][2]/Q (HIGH)

 There are 3 register/latch pins with no clock driven by root clock pin: script_mem_module/mem_reg[74][3]/Q (HIGH)

 There are 2 register/latch pins with no clock driven by root clock pin: script_mem_module/mem_reg[74][4]/Q (HIGH)

 There is 1 register/latch pin with no clock driven by root clock pin: script_mem_module/mem_reg[74][5]/Q (HIGH)

 There are 7 register/latch pins with no clock driven by root clock pin: script_mem_module/mem_reg[75][0]/Q (HIGH)

 There are 7 register/latch pins with no clock driven by root clock pin: script_mem_module/mem_reg[75][1]/Q (HIGH)

 There are 7 register/latch pins with no clock driven by root clock pin: script_mem_module/mem_reg[75][2]/Q (HIGH)

 There are 3 register/latch pins with no clock driven by root clock pin: script_mem_module/mem_reg[75][3]/Q (HIGH)

 There are 2 register/latch pins with no clock driven by root clock pin: script_mem_module/mem_reg[75][4]/Q (HIGH)

 There is 1 register/latch pin with no clock driven by root clock pin: script_mem_module/mem_reg[75][5]/Q (HIGH)

 There are 7 register/latch pins with no clock driven by root clock pin: script_mem_module/mem_reg[76][0]/Q (HIGH)

 There are 7 register/latch pins with no clock driven by root clock pin: script_mem_module/mem_reg[76][1]/Q (HIGH)

 There are 7 register/latch pins with no clock driven by root clock pin: script_mem_module/mem_reg[76][2]/Q (HIGH)

 There are 3 register/latch pins with no clock driven by root clock pin: script_mem_module/mem_reg[76][3]/Q (HIGH)

 There are 2 register/latch pins with no clock driven by root clock pin: script_mem_module/mem_reg[76][4]/Q (HIGH)

 There is 1 register/latch pin with no clock driven by root clock pin: script_mem_module/mem_reg[76][5]/Q (HIGH)

 There are 7 register/latch pins with no clock driven by root clock pin: script_mem_module/mem_reg[77][0]/Q (HIGH)

 There are 7 register/latch pins with no clock driven by root clock pin: script_mem_module/mem_reg[77][1]/Q (HIGH)

 There are 7 register/latch pins with no clock driven by root clock pin: script_mem_module/mem_reg[77][2]/Q (HIGH)

 There are 3 register/latch pins with no clock driven by root clock pin: script_mem_module/mem_reg[77][3]/Q (HIGH)

 There are 2 register/latch pins with no clock driven by root clock pin: script_mem_module/mem_reg[77][4]/Q (HIGH)

 There is 1 register/latch pin with no clock driven by root clock pin: script_mem_module/mem_reg[77][5]/Q (HIGH)

 There are 7 register/latch pins with no clock driven by root clock pin: script_mem_module/mem_reg[78][0]/Q (HIGH)

 There are 7 register/latch pins with no clock driven by root clock pin: script_mem_module/mem_reg[78][1]/Q (HIGH)

 There are 7 register/latch pins with no clock driven by root clock pin: script_mem_module/mem_reg[78][2]/Q (HIGH)

 There are 3 register/latch pins with no clock driven by root clock pin: script_mem_module/mem_reg[78][3]/Q (HIGH)

 There are 2 register/latch pins with no clock driven by root clock pin: script_mem_module/mem_reg[78][4]/Q (HIGH)

 There is 1 register/latch pin with no clock driven by root clock pin: script_mem_module/mem_reg[78][5]/Q (HIGH)

 There are 7 register/latch pins with no clock driven by root clock pin: script_mem_module/mem_reg[79][0]/Q (HIGH)

 There are 7 register/latch pins with no clock driven by root clock pin: script_mem_module/mem_reg[79][1]/Q (HIGH)

 There are 7 register/latch pins with no clock driven by root clock pin: script_mem_module/mem_reg[79][2]/Q (HIGH)

 There are 3 register/latch pins with no clock driven by root clock pin: script_mem_module/mem_reg[79][3]/Q (HIGH)

 There are 2 register/latch pins with no clock driven by root clock pin: script_mem_module/mem_reg[79][4]/Q (HIGH)

 There is 1 register/latch pin with no clock driven by root clock pin: script_mem_module/mem_reg[79][5]/Q (HIGH)

 There are 7 register/latch pins with no clock driven by root clock pin: script_mem_module/mem_reg[7][0]/Q (HIGH)

 There are 7 register/latch pins with no clock driven by root clock pin: script_mem_module/mem_reg[7][1]/Q (HIGH)

 There are 7 register/latch pins with no clock driven by root clock pin: script_mem_module/mem_reg[7][2]/Q (HIGH)

 There are 3 register/latch pins with no clock driven by root clock pin: script_mem_module/mem_reg[7][3]/Q (HIGH)

 There are 2 register/latch pins with no clock driven by root clock pin: script_mem_module/mem_reg[7][4]/Q (HIGH)

 There is 1 register/latch pin with no clock driven by root clock pin: script_mem_module/mem_reg[7][5]/Q (HIGH)

 There are 7 register/latch pins with no clock driven by root clock pin: script_mem_module/mem_reg[80][0]/Q (HIGH)

 There are 7 register/latch pins with no clock driven by root clock pin: script_mem_module/mem_reg[80][1]/Q (HIGH)

 There are 7 register/latch pins with no clock driven by root clock pin: script_mem_module/mem_reg[80][2]/Q (HIGH)

 There are 3 register/latch pins with no clock driven by root clock pin: script_mem_module/mem_reg[80][3]/Q (HIGH)

 There are 2 register/latch pins with no clock driven by root clock pin: script_mem_module/mem_reg[80][4]/Q (HIGH)

 There is 1 register/latch pin with no clock driven by root clock pin: script_mem_module/mem_reg[80][5]/Q (HIGH)

 There are 7 register/latch pins with no clock driven by root clock pin: script_mem_module/mem_reg[81][0]/Q (HIGH)

 There are 7 register/latch pins with no clock driven by root clock pin: script_mem_module/mem_reg[81][1]/Q (HIGH)

 There are 7 register/latch pins with no clock driven by root clock pin: script_mem_module/mem_reg[81][2]/Q (HIGH)

 There are 3 register/latch pins with no clock driven by root clock pin: script_mem_module/mem_reg[81][3]/Q (HIGH)

 There are 2 register/latch pins with no clock driven by root clock pin: script_mem_module/mem_reg[81][4]/Q (HIGH)

 There is 1 register/latch pin with no clock driven by root clock pin: script_mem_module/mem_reg[81][5]/Q (HIGH)

 There are 7 register/latch pins with no clock driven by root clock pin: script_mem_module/mem_reg[82][0]/Q (HIGH)

 There are 7 register/latch pins with no clock driven by root clock pin: script_mem_module/mem_reg[82][1]/Q (HIGH)

 There are 7 register/latch pins with no clock driven by root clock pin: script_mem_module/mem_reg[82][2]/Q (HIGH)

 There are 3 register/latch pins with no clock driven by root clock pin: script_mem_module/mem_reg[82][3]/Q (HIGH)

 There are 2 register/latch pins with no clock driven by root clock pin: script_mem_module/mem_reg[82][4]/Q (HIGH)

 There is 1 register/latch pin with no clock driven by root clock pin: script_mem_module/mem_reg[82][5]/Q (HIGH)

 There are 7 register/latch pins with no clock driven by root clock pin: script_mem_module/mem_reg[83][0]/Q (HIGH)

 There are 7 register/latch pins with no clock driven by root clock pin: script_mem_module/mem_reg[83][1]/Q (HIGH)

 There are 7 register/latch pins with no clock driven by root clock pin: script_mem_module/mem_reg[83][2]/Q (HIGH)

 There are 3 register/latch pins with no clock driven by root clock pin: script_mem_module/mem_reg[83][3]/Q (HIGH)

 There are 2 register/latch pins with no clock driven by root clock pin: script_mem_module/mem_reg[83][4]/Q (HIGH)

 There is 1 register/latch pin with no clock driven by root clock pin: script_mem_module/mem_reg[83][5]/Q (HIGH)

 There are 7 register/latch pins with no clock driven by root clock pin: script_mem_module/mem_reg[84][0]/Q (HIGH)

 There are 7 register/latch pins with no clock driven by root clock pin: script_mem_module/mem_reg[84][1]/Q (HIGH)

 There are 7 register/latch pins with no clock driven by root clock pin: script_mem_module/mem_reg[84][2]/Q (HIGH)

 There are 3 register/latch pins with no clock driven by root clock pin: script_mem_module/mem_reg[84][3]/Q (HIGH)

 There are 2 register/latch pins with no clock driven by root clock pin: script_mem_module/mem_reg[84][4]/Q (HIGH)

 There is 1 register/latch pin with no clock driven by root clock pin: script_mem_module/mem_reg[84][5]/Q (HIGH)

 There are 7 register/latch pins with no clock driven by root clock pin: script_mem_module/mem_reg[85][0]/Q (HIGH)

 There are 7 register/latch pins with no clock driven by root clock pin: script_mem_module/mem_reg[85][1]/Q (HIGH)

 There are 7 register/latch pins with no clock driven by root clock pin: script_mem_module/mem_reg[85][2]/Q (HIGH)

 There are 3 register/latch pins with no clock driven by root clock pin: script_mem_module/mem_reg[85][3]/Q (HIGH)

 There are 2 register/latch pins with no clock driven by root clock pin: script_mem_module/mem_reg[85][4]/Q (HIGH)

 There is 1 register/latch pin with no clock driven by root clock pin: script_mem_module/mem_reg[85][5]/Q (HIGH)

 There are 7 register/latch pins with no clock driven by root clock pin: script_mem_module/mem_reg[86][0]/Q (HIGH)

 There are 7 register/latch pins with no clock driven by root clock pin: script_mem_module/mem_reg[86][1]/Q (HIGH)

 There are 7 register/latch pins with no clock driven by root clock pin: script_mem_module/mem_reg[86][2]/Q (HIGH)

 There are 3 register/latch pins with no clock driven by root clock pin: script_mem_module/mem_reg[86][3]/Q (HIGH)

 There are 2 register/latch pins with no clock driven by root clock pin: script_mem_module/mem_reg[86][4]/Q (HIGH)

 There is 1 register/latch pin with no clock driven by root clock pin: script_mem_module/mem_reg[86][5]/Q (HIGH)

 There are 7 register/latch pins with no clock driven by root clock pin: script_mem_module/mem_reg[87][0]/Q (HIGH)

 There are 7 register/latch pins with no clock driven by root clock pin: script_mem_module/mem_reg[87][1]/Q (HIGH)

 There are 7 register/latch pins with no clock driven by root clock pin: script_mem_module/mem_reg[87][2]/Q (HIGH)

 There are 3 register/latch pins with no clock driven by root clock pin: script_mem_module/mem_reg[87][3]/Q (HIGH)

 There are 2 register/latch pins with no clock driven by root clock pin: script_mem_module/mem_reg[87][4]/Q (HIGH)

 There is 1 register/latch pin with no clock driven by root clock pin: script_mem_module/mem_reg[87][5]/Q (HIGH)

 There are 7 register/latch pins with no clock driven by root clock pin: script_mem_module/mem_reg[88][0]/Q (HIGH)

 There are 7 register/latch pins with no clock driven by root clock pin: script_mem_module/mem_reg[88][1]/Q (HIGH)

 There are 7 register/latch pins with no clock driven by root clock pin: script_mem_module/mem_reg[88][2]/Q (HIGH)

 There are 3 register/latch pins with no clock driven by root clock pin: script_mem_module/mem_reg[88][3]/Q (HIGH)

 There are 2 register/latch pins with no clock driven by root clock pin: script_mem_module/mem_reg[88][4]/Q (HIGH)

 There is 1 register/latch pin with no clock driven by root clock pin: script_mem_module/mem_reg[88][5]/Q (HIGH)

 There are 7 register/latch pins with no clock driven by root clock pin: script_mem_module/mem_reg[89][0]/Q (HIGH)

 There are 7 register/latch pins with no clock driven by root clock pin: script_mem_module/mem_reg[89][1]/Q (HIGH)

 There are 7 register/latch pins with no clock driven by root clock pin: script_mem_module/mem_reg[89][2]/Q (HIGH)

 There are 3 register/latch pins with no clock driven by root clock pin: script_mem_module/mem_reg[89][3]/Q (HIGH)

 There are 2 register/latch pins with no clock driven by root clock pin: script_mem_module/mem_reg[89][4]/Q (HIGH)

 There is 1 register/latch pin with no clock driven by root clock pin: script_mem_module/mem_reg[89][5]/Q (HIGH)

 There are 7 register/latch pins with no clock driven by root clock pin: script_mem_module/mem_reg[8][0]/Q (HIGH)

 There are 7 register/latch pins with no clock driven by root clock pin: script_mem_module/mem_reg[8][1]/Q (HIGH)

 There are 7 register/latch pins with no clock driven by root clock pin: script_mem_module/mem_reg[8][2]/Q (HIGH)

 There are 3 register/latch pins with no clock driven by root clock pin: script_mem_module/mem_reg[8][3]/Q (HIGH)

 There are 2 register/latch pins with no clock driven by root clock pin: script_mem_module/mem_reg[8][4]/Q (HIGH)

 There is 1 register/latch pin with no clock driven by root clock pin: script_mem_module/mem_reg[8][5]/Q (HIGH)

 There are 7 register/latch pins with no clock driven by root clock pin: script_mem_module/mem_reg[90][0]/Q (HIGH)

 There are 7 register/latch pins with no clock driven by root clock pin: script_mem_module/mem_reg[90][1]/Q (HIGH)

 There are 7 register/latch pins with no clock driven by root clock pin: script_mem_module/mem_reg[90][2]/Q (HIGH)

 There are 3 register/latch pins with no clock driven by root clock pin: script_mem_module/mem_reg[90][3]/Q (HIGH)

 There are 2 register/latch pins with no clock driven by root clock pin: script_mem_module/mem_reg[90][4]/Q (HIGH)

 There is 1 register/latch pin with no clock driven by root clock pin: script_mem_module/mem_reg[90][5]/Q (HIGH)

 There are 7 register/latch pins with no clock driven by root clock pin: script_mem_module/mem_reg[91][0]/Q (HIGH)

 There are 7 register/latch pins with no clock driven by root clock pin: script_mem_module/mem_reg[91][1]/Q (HIGH)

 There are 7 register/latch pins with no clock driven by root clock pin: script_mem_module/mem_reg[91][2]/Q (HIGH)

 There are 3 register/latch pins with no clock driven by root clock pin: script_mem_module/mem_reg[91][3]/Q (HIGH)

 There are 2 register/latch pins with no clock driven by root clock pin: script_mem_module/mem_reg[91][4]/Q (HIGH)

 There is 1 register/latch pin with no clock driven by root clock pin: script_mem_module/mem_reg[91][5]/Q (HIGH)

 There are 7 register/latch pins with no clock driven by root clock pin: script_mem_module/mem_reg[92][0]/Q (HIGH)

 There are 7 register/latch pins with no clock driven by root clock pin: script_mem_module/mem_reg[92][1]/Q (HIGH)

 There are 7 register/latch pins with no clock driven by root clock pin: script_mem_module/mem_reg[92][2]/Q (HIGH)

 There are 3 register/latch pins with no clock driven by root clock pin: script_mem_module/mem_reg[92][3]/Q (HIGH)

 There are 2 register/latch pins with no clock driven by root clock pin: script_mem_module/mem_reg[92][4]/Q (HIGH)

 There is 1 register/latch pin with no clock driven by root clock pin: script_mem_module/mem_reg[92][5]/Q (HIGH)

 There are 7 register/latch pins with no clock driven by root clock pin: script_mem_module/mem_reg[93][0]/Q (HIGH)

 There are 7 register/latch pins with no clock driven by root clock pin: script_mem_module/mem_reg[93][1]/Q (HIGH)

 There are 7 register/latch pins with no clock driven by root clock pin: script_mem_module/mem_reg[93][2]/Q (HIGH)

 There are 3 register/latch pins with no clock driven by root clock pin: script_mem_module/mem_reg[93][3]/Q (HIGH)

 There are 2 register/latch pins with no clock driven by root clock pin: script_mem_module/mem_reg[93][4]/Q (HIGH)

 There is 1 register/latch pin with no clock driven by root clock pin: script_mem_module/mem_reg[93][5]/Q (HIGH)

 There are 7 register/latch pins with no clock driven by root clock pin: script_mem_module/mem_reg[94][0]/Q (HIGH)

 There are 7 register/latch pins with no clock driven by root clock pin: script_mem_module/mem_reg[94][1]/Q (HIGH)

 There are 7 register/latch pins with no clock driven by root clock pin: script_mem_module/mem_reg[94][2]/Q (HIGH)

 There are 3 register/latch pins with no clock driven by root clock pin: script_mem_module/mem_reg[94][3]/Q (HIGH)

 There are 2 register/latch pins with no clock driven by root clock pin: script_mem_module/mem_reg[94][4]/Q (HIGH)

 There is 1 register/latch pin with no clock driven by root clock pin: script_mem_module/mem_reg[94][5]/Q (HIGH)

 There are 7 register/latch pins with no clock driven by root clock pin: script_mem_module/mem_reg[95][0]/Q (HIGH)

 There are 7 register/latch pins with no clock driven by root clock pin: script_mem_module/mem_reg[95][1]/Q (HIGH)

 There are 7 register/latch pins with no clock driven by root clock pin: script_mem_module/mem_reg[95][2]/Q (HIGH)

 There are 3 register/latch pins with no clock driven by root clock pin: script_mem_module/mem_reg[95][3]/Q (HIGH)

 There are 2 register/latch pins with no clock driven by root clock pin: script_mem_module/mem_reg[95][4]/Q (HIGH)

 There is 1 register/latch pin with no clock driven by root clock pin: script_mem_module/mem_reg[95][5]/Q (HIGH)

 There are 7 register/latch pins with no clock driven by root clock pin: script_mem_module/mem_reg[96][0]/Q (HIGH)

 There are 7 register/latch pins with no clock driven by root clock pin: script_mem_module/mem_reg[96][1]/Q (HIGH)

 There are 7 register/latch pins with no clock driven by root clock pin: script_mem_module/mem_reg[96][2]/Q (HIGH)

 There are 3 register/latch pins with no clock driven by root clock pin: script_mem_module/mem_reg[96][3]/Q (HIGH)

 There are 2 register/latch pins with no clock driven by root clock pin: script_mem_module/mem_reg[96][4]/Q (HIGH)

 There is 1 register/latch pin with no clock driven by root clock pin: script_mem_module/mem_reg[96][5]/Q (HIGH)

 There are 7 register/latch pins with no clock driven by root clock pin: script_mem_module/mem_reg[97][0]/Q (HIGH)

 There are 7 register/latch pins with no clock driven by root clock pin: script_mem_module/mem_reg[97][1]/Q (HIGH)

 There are 7 register/latch pins with no clock driven by root clock pin: script_mem_module/mem_reg[97][2]/Q (HIGH)

 There are 3 register/latch pins with no clock driven by root clock pin: script_mem_module/mem_reg[97][3]/Q (HIGH)

 There are 2 register/latch pins with no clock driven by root clock pin: script_mem_module/mem_reg[97][4]/Q (HIGH)

 There is 1 register/latch pin with no clock driven by root clock pin: script_mem_module/mem_reg[97][5]/Q (HIGH)

 There are 7 register/latch pins with no clock driven by root clock pin: script_mem_module/mem_reg[98][0]/Q (HIGH)

 There are 7 register/latch pins with no clock driven by root clock pin: script_mem_module/mem_reg[98][1]/Q (HIGH)

 There are 7 register/latch pins with no clock driven by root clock pin: script_mem_module/mem_reg[98][2]/Q (HIGH)

 There are 3 register/latch pins with no clock driven by root clock pin: script_mem_module/mem_reg[98][3]/Q (HIGH)

 There are 2 register/latch pins with no clock driven by root clock pin: script_mem_module/mem_reg[98][4]/Q (HIGH)

 There is 1 register/latch pin with no clock driven by root clock pin: script_mem_module/mem_reg[98][5]/Q (HIGH)

 There are 7 register/latch pins with no clock driven by root clock pin: script_mem_module/mem_reg[99][0]/Q (HIGH)

 There are 7 register/latch pins with no clock driven by root clock pin: script_mem_module/mem_reg[99][1]/Q (HIGH)

 There are 7 register/latch pins with no clock driven by root clock pin: script_mem_module/mem_reg[99][2]/Q (HIGH)

 There are 3 register/latch pins with no clock driven by root clock pin: script_mem_module/mem_reg[99][3]/Q (HIGH)

 There are 2 register/latch pins with no clock driven by root clock pin: script_mem_module/mem_reg[99][4]/Q (HIGH)

 There is 1 register/latch pin with no clock driven by root clock pin: script_mem_module/mem_reg[99][5]/Q (HIGH)

 There are 7 register/latch pins with no clock driven by root clock pin: script_mem_module/mem_reg[9][0]/Q (HIGH)

 There are 7 register/latch pins with no clock driven by root clock pin: script_mem_module/mem_reg[9][1]/Q (HIGH)

 There are 7 register/latch pins with no clock driven by root clock pin: script_mem_module/mem_reg[9][2]/Q (HIGH)

 There are 3 register/latch pins with no clock driven by root clock pin: script_mem_module/mem_reg[9][3]/Q (HIGH)

 There are 2 register/latch pins with no clock driven by root clock pin: script_mem_module/mem_reg[9][4]/Q (HIGH)

 There is 1 register/latch pin with no clock driven by root clock pin: script_mem_module/mem_reg[9][5]/Q (HIGH)

 There are 7 register/latch pins with no clock driven by root clock pin: script_mem_module/script_cnt_reg[0]/Q (HIGH)

 There are 7 register/latch pins with no clock driven by root clock pin: script_mem_module/script_cnt_reg[1]/Q (HIGH)

 There are 7 register/latch pins with no clock driven by root clock pin: script_mem_module/script_cnt_reg[2]/Q (HIGH)

 There are 7 register/latch pins with no clock driven by root clock pin: script_mem_module/script_cnt_reg[3]/Q (HIGH)

 There are 7 register/latch pins with no clock driven by root clock pin: script_mem_module/script_cnt_reg[4]/Q (HIGH)

 There are 7 register/latch pins with no clock driven by root clock pin: script_mem_module/script_cnt_reg[5]/Q (HIGH)

 There are 7 register/latch pins with no clock driven by root clock pin: script_mem_module/script_cnt_reg[6]/Q (HIGH)

 There are 7 register/latch pins with no clock driven by root clock pin: script_mem_module/script_cnt_reg[7]/Q (HIGH)

 There are 7 register/latch pins with no clock driven by root clock pin: script_mem_module/script_size_reg[0]/Q (HIGH)

 There are 7 register/latch pins with no clock driven by root clock pin: script_mem_module/script_size_reg[1]/Q (HIGH)

 There are 7 register/latch pins with no clock driven by root clock pin: script_mem_module/script_size_reg[2]/Q (HIGH)

 There are 7 register/latch pins with no clock driven by root clock pin: script_mem_module/script_size_reg[3]/Q (HIGH)

 There are 7 register/latch pins with no clock driven by root clock pin: script_mem_module/script_size_reg[4]/Q (HIGH)

 There are 7 register/latch pins with no clock driven by root clock pin: script_mem_module/script_size_reg[5]/Q (HIGH)

 There are 7 register/latch pins with no clock driven by root clock pin: script_mem_module/script_size_reg[6]/Q (HIGH)

 There are 7 register/latch pins with no clock driven by root clock pin: script_mem_module/script_size_reg[7]/Q (HIGH)


2. checking constant_clock
--------------------------
 There are 0 register/latch pins with constant_clock.


3. checking pulse_width_clock
-----------------------------
 There are 0 register/latch pins which need pulse_width check


4. checking unconstrained_internal_endpoints
--------------------------------------------
 There are 2483 pins that are not constrained for maximum delay. (HIGH)

 There are 0 pins that are not constrained for maximum delay due to constant clock.


5. checking no_input_delay
--------------------------
 There are 4 input ports with no input delay specified. (HIGH)

 There are 0 input ports with no input delay but user has a false path constraint.


6. checking no_output_delay
---------------------------
 There are 13 ports with no output delay specified. (HIGH)

 There are 0 ports with no output delay but user has a false path constraint

 There are 0 ports with no output delay but with a timing clock defined on it or propagating through it


7. checking multiple_clock
--------------------------
 There are 0 register/latch pins with multiple clocks.


8. checking generated_clocks
----------------------------
 There are 0 generated clocks that are not connected to a clock source.


9. checking loops
-----------------
 There are 0 combinational loops in the design.


10. checking partial_input_delay
--------------------------------
 There are 0 input ports with partial input delay specified.


11. checking partial_output_delay
---------------------------------
 There are 0 ports with partial output delay specified.


12. checking latch_loops
------------------------
 There are 0 combinational latch loops in the design through latch input



------------------------------------------------------------------------------------------------
| Design Timing Summary
| ---------------------
------------------------------------------------------------------------------------------------

    WNS(ns)      TNS(ns)  TNS Failing Endpoints  TNS Total Endpoints      WHS(ns)      THS(ns)  THS Failing Endpoints  THS Total Endpoints     WPWS(ns)     TPWS(ns)  TPWS Failing Endpoints  TPWS Total Endpoints  
    -------      -------  ---------------------  -------------------      -------      -------  ---------------------  -------------------     --------     --------  ----------------------  --------------------  
         NA           NA                     NA                   NA           NA           NA                     NA                   NA           NA           NA                      NA                    NA  


There are no user specified timing constraints.


------------------------------------------------------------------------------------------------
| Clock Summary
| -------------
------------------------------------------------------------------------------------------------


------------------------------------------------------------------------------------------------
| Intra Clock Table
| -----------------
------------------------------------------------------------------------------------------------

Clock             WNS(ns)      TNS(ns)  TNS Failing Endpoints  TNS Total Endpoints      WHS(ns)      THS(ns)  THS Failing Endpoints  THS Total Endpoints     WPWS(ns)     TPWS(ns)  TPWS Failing Endpoints  TPWS Total Endpoints  
-----             -------      -------  ---------------------  -------------------      -------      -------  ---------------------  -------------------     --------     --------  ----------------------  --------------------  


------------------------------------------------------------------------------------------------
| Inter Clock Table
| -----------------
------------------------------------------------------------------------------------------------

From Clock    To Clock          WNS(ns)      TNS(ns)  TNS Failing Endpoints  TNS Total Endpoints      WHS(ns)      THS(ns)  THS Failing Endpoints  THS Total Endpoints  
----------    --------          -------      -------  ---------------------  -------------------      -------      -------  ---------------------  -------------------  


------------------------------------------------------------------------------------------------
| Other Path Groups Table
| -----------------------
------------------------------------------------------------------------------------------------

Path Group    From Clock    To Clock          WNS(ns)      TNS(ns)  TNS Failing Endpoints  TNS Total Endpoints      WHS(ns)      THS(ns)  THS Failing Endpoints  THS Total Endpoints  
----------    ----------    --------          -------      -------  ---------------------  -------------------      -------      -------  ---------------------  -------------------  


------------------------------------------------------------------------------------------------
| Timing Details
| --------------
------------------------------------------------------------------------------------------------


